SF:lib/src/widgets/binding.dart
DA:65,18
DA:76,6
DA:90,5
DA:91,10
DA:153,18
DA:206,3
DA:212,4
DA:220,5
DA:229,3
DA:235,2
DA:242,3
DA:247,614
DA:249,614
DA:252,1228
DA:253,614
DA:255,614
DA:260,1228
DA:261,1842
DA:262,1842
DA:263,1842
DA:264,1228
DA:265,1228
DA:266,1228
DA:268,614
DA:269,1228
DA:277,1192
DA:280,614
DA:294,614
DA:305,614
DA:317,614
DA:330,614
DA:344,614
DA:352,614
DA:361,614
DA:363,614
DA:366,614
DA:367,614
DA:368,1
DA:369,1
DA:370,1
DA:377,614
DA:378,614
DA:379,1
DA:380,1
DA:381,1
DA:382,1
DA:383,0
DA:386,1
DA:391,614
DA:392,614
DA:393,1
DA:394,1
DA:398,1
DA:403,614
DA:404,614
DA:405,1
DA:406,1
DA:410,1
DA:415,614
DA:416,614
DA:417,0
DA:421,0
DA:422,0
DA:424,0
DA:428,0
DA:433,614
DA:434,614
DA:435,1
DA:436,1
DA:440,614
DA:441,614
DA:442,1
DA:443,1
DA:449,1228
DA:450,614
DA:451,614
DA:452,2
DA:453,1
DA:454,1
DA:455,0
DA:458,1
DA:462,1842
DA:465,614
DA:468,1
DA:469,1
DA:470,0
DA:471,0
DA:473,1
DA:478,1228
DA:490,603
DA:518,1710
DA:528,909
DA:530,32
DA:532,32
DA:533,63
DA:534,31
DA:538,3
DA:540,3
DA:541,6
DA:542,3
DA:546,4
DA:548,4
DA:549,8
DA:550,4
DA:554,3
DA:556,3
DA:557,6
DA:558,3
DA:567,2
DA:570,6
DA:579,4
DA:582,8
DA:583,4
DA:593,0
DA:596,0
DA:597,0
DA:615,5
DA:617,15
DA:618,5
DA:622,0
DA:635,2
DA:638,6
DA:639,2
DA:645,2
DA:646,6
DA:648,2
DA:649,2
DA:650,2
DA:651,2
DA:660,6
DA:661,6
DA:662,6
DA:663,5
DA:664,2
DA:665,4
DA:666,2
DA:667,4
DA:669,0
DA:672,6
DA:674,6
DA:675,9
DA:676,3
DA:680,2
DA:682,2
DA:683,4
DA:684,2
DA:702,6
DA:714,0
DA:724,2
DA:726,569
DA:729,1138
DA:730,569
DA:731,2
DA:732,1
DA:733,1
DA:737,1
DA:754,569
DA:755,569
DA:831,12
DA:833,24
DA:834,24
DA:835,12
DA:837,12
DA:840,12
DA:841,36
DA:843,8
DA:844,8
DA:850,16
DA:851,8
DA:852,16
DA:854,16
DA:856,16
DA:861,24
DA:865,12
DA:866,18
DA:868,12
DA:869,18
DA:871,18
DA:872,9
DA:874,9
DA:877,18
DA:878,9
DA:881,9
DA:882,9
DA:885,1
DA:886,2
DA:894,1158
DA:899,575
DA:900,1150
DA:911,570
DA:912,570
DA:913,570
DA:922,4
DA:924,8
DA:925,4
DA:938,573
DA:939,573
DA:940,573
DA:941,1146
DA:942,573
DA:945,1719
DA:947,1146
DA:955,0
DA:957,4
DA:959,8
DA:960,8
DA:962,4
DA:964,4
DA:965,9
DA:967,4
DA:1007,0
DA:1008,0
DA:1035,570
DA:1036,570
DA:1038,1140
DA:1039,570
DA:1042,1
DA:1044,1
DA:1045,4
DA:1046,2
DA:1047,0
DA:1049,1
DA:1051,1
DA:1055,0
DA:1056,0
DA:1071,573
DA:1075,1146
DA:1088,573
DA:1089,573
DA:1091,573
DA:1092,573
DA:1094,568
DA:1104,573
DA:1106,1146
DA:1107,573
DA:1108,573
DA:1109,573
DA:1111,1146
DA:1112,573
DA:1115,568
DA:1116,568
DA:1121,30
DA:1122,30
DA:1141,573
DA:1147,471
DA:1149,471
DA:1150,942
DA:1154,0
DA:1156,0
DA:1157,0
DA:1158,0
DA:1161,573
DA:1163,573
DA:1164,573
DA:1165,573
DA:1166,573
DA:1169,568
DA:1171,568
DA:1172,1136
DA:1173,568
DA:1180,568
DA:1182,568
DA:1185,568
DA:1186,568
DA:1187,568
DA:1189,568
DA:1190,568
DA:1193,573
DA:1196,2865
DA:1198,0
DA:1202,0
DA:1204,0
DA:1205,0
DA:1206,0
DA:1210,573
DA:1211,573
DA:1213,573
DA:1215,1146
DA:1216,1146
DA:1217,1146
DA:1220,0
DA:1222,0
DA:1225,568
DA:1227,1704
DA:1228,1136
DA:1260,581
DA:1262,13
DA:1264,581
LF:288
LH:256
end_of_record
SF:lib/src/semantics/binding.dart
DA:16,670
DA:18,670
DA:20,2010
DA:28,1150
DA:34,3
DA:36,9
DA:45,572
DA:46,572
DA:57,0
DA:64,282
DA:65,564
DA:66,564
DA:71,282
LF:13
LH:12
end_of_record
SF:lib/src/painting/binding.dart
DA:18,669
DA:20,669
DA:22,1338
DA:23,1
DA:31,1168
DA:72,62
DA:78,669
DA:79,669
DA:102,2
DA:112,2
DA:113,2
DA:114,2
DA:143,3
DA:153,5
DA:154,5
DA:155,3
DA:178,14
DA:182,14
DA:185,2
DA:187,2
DA:188,4
DA:189,4
DA:192,3
DA:194,3
DA:195,6
DA:207,1148
DA:210,5
DA:212,5
DA:214,5
DA:216,5
DA:217,4
DA:227,2
DA:228,4
DA:229,2
DA:233,574
DA:235,1148
DA:237,572
DA:239,1144
DA:250,30
LF:39
LH:39
end_of_record
SF:lib/src/services/binding.dart
DA:35,676
DA:37,676
DA:39,1352
DA:40,1352
DA:41,676
DA:42,676
DA:43,688
DA:44,1352
DA:45,1352
DA:46,676
DA:47,676
DA:55,1352
DA:60,1136
DA:65,1228
DA:68,676
DA:69,1352
DA:70,2704
DA:71,2704
DA:72,2028
DA:83,1352
DA:93,1352
DA:115,2
DA:124,676
DA:134,4
DA:137,8
DA:144,6
DA:148,6
DA:150,6
DA:151,4
DA:161,75
DA:164,150
DA:167,1
DA:169,1
DA:170,1
DA:176,0
DA:180,2
DA:181,4
DA:182,2
DA:184,1
DA:185,2
DA:186,1
DA:189,1
DA:193,1
DA:194,2
DA:195,1
DA:196,1
DA:197,2
DA:198,1
DA:199,1
DA:200,2
DA:201,2
DA:202,2
DA:205,0
DA:211,676
DA:213,676
DA:215,1352
DA:216,676
DA:217,676
DA:218,1
DA:219,1
DA:220,1
DA:224,676
DA:231,2
DA:234,4
DA:250,676
DA:252,676
DA:255,2028
DA:257,1
DA:261,5
DA:262,10
DA:266,0
DA:267,0
DA:269,0
DA:270,0
DA:271,0
DA:272,0
DA:276,676
DA:278,676
DA:280,676
DA:282,676
DA:284,676
DA:299,0
DA:306,76
DA:308,76
DA:326,1
DA:327,1
DA:343,789
DA:345,3
DA:351,9
DA:353,3
DA:358,308
DA:360,308
DA:370,918
DA:372,302
DA:374,0
DA:378,0
DA:382,308
DA:385,676
DA:388,6
DA:390,1359
DA:393,7
DA:395,0
DA:399,0
DA:402,7
LF:104
LH:91
end_of_record
SF:lib/src/scheduler/binding.dart
DA:23,618
DA:30,604
DA:31,1208
DA:32,604
DA:37,5
DA:68,2
DA:69,4
DA:70,4
DA:72,2
DA:82,2
DA:84,2
DA:85,2
DA:86,2
DA:87,8
DA:89,2
DA:92,0
DA:98,302
DA:99,603
DA:101,591
DA:103,2
DA:104,1
DA:105,1
DA:110,1
DA:118,296
DA:119,295
DA:122,602
DA:125,302
DA:200,64
DA:208,64
DA:209,64
DA:210,128
DA:211,64
DA:234,678
DA:236,678
DA:240,1208
DA:241,1058
DA:251,1324
DA:304,678
DA:305,1356
DA:306,2034
DA:307,1356
DA:308,2034
DA:310,2712
DA:314,8
DA:315,16
DA:316,16
DA:317,16
DA:318,0
DA:322,532
DA:325,1062
DA:326,1060
DA:328,1060
DA:329,530
DA:333,2
DA:334,0
DA:335,0
DA:342,1
DA:343,2
DA:346,1
DA:353,678
DA:355,678
DA:358,678
DA:359,678
DA:360,2
DA:361,1
DA:362,1
DA:376,1352
DA:385,6
DA:388,6
DA:390,6
DA:391,3
DA:392,5
DA:394,3
DA:395,1
DA:396,3
DA:406,1
DA:407,4
DA:434,2
DA:440,4
DA:441,2
DA:443,2
DA:447,4
DA:448,2
DA:449,2
DA:451,4
DA:454,10
DA:456,10
DA:457,20
DA:458,1
DA:467,2
DA:468,4
DA:469,4
DA:470,2
DA:473,2
DA:474,4
DA:478,2
DA:479,2
DA:480,2
DA:481,0
DA:495,2
DA:498,6
DA:501,4
DA:502,6
DA:504,4
DA:505,2
DA:508,0
DA:509,0
DA:511,0
DA:512,0
DA:516,0
DA:517,0
DA:518,0
DA:519,0
DA:529,4
DA:546,1707
DA:567,302
DA:568,302
DA:569,604
DA:570,1207
DA:571,301
DA:581,258
DA:582,516
DA:583,516
DA:584,516
DA:607,568
DA:608,1136
DA:609,1136
DA:613,0
DA:614,0
DA:615,0
DA:618,0
DA:619,0
DA:621,0
DA:626,0
DA:630,0
DA:631,0
DA:636,568
DA:644,568
DA:645,1136
DA:646,568
DA:647,0
DA:650,568
DA:658,569
DA:659,1138
DA:660,1138
DA:661,1
DA:664,569
DA:687,0
DA:688,0
DA:690,0
DA:691,0
DA:692,0
DA:693,0
DA:695,0
DA:696,0
DA:699,0
DA:702,0
DA:719,670
DA:720,1340
DA:745,620
DA:746,1240
DA:760,11
DA:761,11
DA:762,22
DA:763,11
DA:765,22
DA:766,22
DA:767,22
DA:768,11
DA:771,22
DA:775,1142
DA:779,1236
DA:785,1230
DA:788,6
DA:789,12
DA:792,3
DA:794,2
DA:800,50
DA:802,150
DA:803,150
DA:819,611
DA:820,611
DA:821,611
DA:822,569
DA:823,611
DA:825,569
DA:826,569
DA:827,569
DA:859,615
DA:860,1230
DA:863,1226
DA:865,0
DA:868,613
DA:869,613
DA:870,1226
DA:871,613
DA:894,35
DA:895,35
DA:898,24
DA:900,0
DA:903,12
DA:904,12
DA:905,24
DA:906,12
DA:926,6
DA:927,18
DA:931,6
DA:932,12
DA:933,6
DA:935,12
DA:936,6
DA:937,6
DA:939,12
DA:940,6
DA:941,6
DA:950,6
DA:951,6
DA:953,2
DA:959,12
DA:960,6
DA:961,6
DA:986,13
DA:987,39
DA:988,13
DA:999,617
DA:1000,1827
DA:1001,4936
DA:1009,200
DA:1010,200
DA:1011,200
DA:1027,47
DA:1028,47
DA:1044,47
DA:1045,47
DA:1049,4
DA:1050,2
DA:1053,47
DA:1056,47
DA:1057,47
DA:1058,2
DA:1061,4
DA:1069,2
DA:1070,2
DA:1074,47
DA:1102,617
DA:1103,1234
DA:1104,617
DA:1105,1807
DA:1107,605
DA:1110,1234
DA:1111,1234
DA:1114,0
DA:1116,0
DA:1118,0
DA:1120,0
DA:1122,0
DA:1126,617
DA:1128,1234
DA:1129,617
DA:1132,1234
DA:1133,617
DA:1134,617
DA:1135,1234
DA:1136,917
DA:1137,600
DA:1138,1200
DA:1141,1234
DA:1143,617
DA:1158,64
DA:1160,98
DA:1164,128
DA:1165,34
DA:1166,34
DA:1167,64
DA:1168,128
DA:1169,64
DA:1170,64
DA:1173,128
DA:1180,64
DA:1181,128
DA:1182,128
DA:1183,64
DA:1184,128
DA:1192,2
DA:1196,2
DA:1209,617
DA:1210,1234
DA:1211,1234
DA:1214,616
DA:1215,1230
DA:1216,1228
DA:1220,613
DA:1222,1226
DA:1223,1226
DA:1224,1225
DA:1225,1224
DA:1228,611
DA:1229,1222
DA:1230,1222
DA:1232,0
DA:1234,611
DA:1236,611
DA:1237,611
DA:1241,527
DA:1242,1053
DA:1243,527
DA:1244,527
DA:1245,1054
DA:1246,1054
DA:1247,1054
DA:1248,1054
DA:1252,0
DA:1253,0
DA:1254,0
DA:1256,0
DA:1257,0
DA:1259,0
DA:1260,0
DA:1262,0
DA:1263,0
DA:1265,0
DA:1266,0
DA:1267,0
DA:1268,0
DA:1270,0
DA:1278,616
DA:1280,616
DA:1281,1232
DA:1284,616
DA:1286,616
DA:1288,30
DA:1292,15
DA:1293,0
DA:1294,0
DA:1295,0
DA:1305,1226
DA:1308,613
DA:1317,1
DA:1318,2
DA:1319,2
LF:340
LH:282
end_of_record
SF:lib/src/gestures/binding.dart
DA:37,0
DA:40,0
DA:51,285
DA:85,2
DA:87,4
DA:89,4
DA:91,4
DA:92,2
DA:93,4
DA:95,2
DA:97,0
DA:107,2
DA:108,2
DA:112,4
DA:113,8
DA:114,6
DA:118,6
DA:119,6
DA:126,4
DA:127,6
DA:128,2
DA:129,6
DA:135,2
DA:139,4
DA:143,6
DA:144,4
DA:148,6
DA:149,4
DA:153,2
DA:156,4
DA:157,4
DA:162,2
DA:163,2
DA:167,4
DA:168,2
DA:172,4
DA:173,4
DA:175,4
DA:176,8
DA:178,2
DA:184,284
DA:185,569
DA:186,2
DA:188,568
DA:189,284
DA:190,285
DA:193,2
DA:194,4
DA:196,0
DA:197,0
DA:200,2
DA:201,4
DA:264,673
DA:266,673
DA:268,2019
DA:276,1236
DA:279,10
DA:281,10
DA:282,10
DA:287,7
DA:291,42
DA:292,7
DA:293,6
DA:296,2
DA:300,1
DA:309,6
DA:310,17
DA:311,10
DA:313,18
DA:316,21
DA:317,42
DA:319,42
DA:320,36
DA:351,285
DA:352,570
DA:354,285
DA:355,4
DA:356,8
DA:362,566
DA:363,283
DA:366,285
DA:368,1132
DA:369,1140
DA:370,285
DA:371,570
DA:372,358
DA:373,831
DA:375,570
DA:377,0
DA:380,285
DA:381,640
DA:382,801
DA:383,260
DA:389,414
DA:391,570
DA:392,0
DA:393,0
DA:396,285
DA:398,83
DA:399,45
DA:400,285
DA:405,286
DA:407,572
DA:418,285
DA:421,570
DA:426,201
DA:428,156
DA:430,0
DA:434,0
DA:436,0
DA:437,0
DA:443,570
DA:445,1140
DA:447,0
DA:451,0
DA:454,0
DA:455,0
DA:456,0
DA:463,286
DA:465,572
DA:466,570
DA:467,831
DA:468,465
DA:469,801
DA:470,181
DA:471,18
DA:480,567
DA:482,1134
DA:488,0
DA:491,2
DA:492,2
DA:493,2
DA:494,8
DA:497,2
DA:502,2
DA:503,2
DA:504,4
DA:505,2
DA:510,2
DA:516,570
DA:517,285
DA:518,285
DA:550,0
LF:143
LH:124
end_of_record
SF:lib/src/rendering/binding.dart
DA:28,670
DA:30,670
DA:32,1340
DA:33,670
DA:34,670
DA:35,670
DA:36,670
DA:38,670
DA:39,1340
DA:40,1340
DA:41,1340
DA:42,1340
DA:43,1340
DA:44,670
DA:45,670
DA:46,1340
DA:47,670
DA:49,0
DA:58,1150
DA:61,670
DA:63,670
DA:65,1340
DA:67,670
DA:68,670
DA:69,1
DA:70,1
DA:71,1
DA:73,1
DA:75,0
DA:78,670
DA:79,670
DA:80,1
DA:81,1
DA:82,1
DA:83,0
DA:86,1
DA:89,670
DA:90,670
DA:91,1
DA:92,1
DA:93,1
DA:94,0
DA:97,1
DA:100,670
DA:101,670
DA:102,1
DA:103,1
DA:107,1
DA:109,1
DA:112,670
DA:113,670
DA:114,1
DA:115,4
DA:116,1
DA:121,670
DA:122,670
DA:123,1
DA:124,1
DA:125,1
DA:126,0
DA:129,1
DA:132,670
DA:133,670
DA:134,1
DA:135,1
DA:136,1
DA:137,0
DA:140,1
DA:143,670
DA:144,670
DA:145,1
DA:146,1
DA:147,1
DA:148,0
DA:151,1
DA:155,670
DA:159,670
DA:160,670
DA:161,1
DA:162,3
DA:163,1
DA:168,670
DA:169,670
DA:170,1
DA:171,1
DA:172,1
DA:176,670
DA:177,670
DA:178,1
DA:179,1
DA:180,1
DA:184,670
DA:185,670
DA:186,1
DA:187,1
DA:188,1
DA:193,670
DA:194,670
DA:195,1
DA:196,1
DA:197,1
DA:210,668
DA:211,1336
DA:212,1336
DA:213,668
DA:215,668
DA:216,2672
DA:217,1336
DA:223,632
DA:228,1244
DA:232,2010
DA:235,670
DA:236,1340
DA:242,32
DA:245,96
DA:246,64
DA:247,32
DA:254,3
DA:290,4
DA:303,70
DA:304,140
DA:305,70
DA:306,210
DA:317,670
DA:319,1237
DA:320,1340
DA:323,282
DA:325,564
DA:331,385
DA:333,282
DA:336,670
DA:337,2010
DA:342,670
DA:344,3
DA:346,670
DA:347,670
DA:351,0
DA:352,0
DA:354,0
DA:357,0
DA:358,0
DA:361,0
DA:365,573
DA:366,1146
DA:369,572
DA:370,1144
DA:373,570
DA:374,1140
DA:377,614
DA:378,614
DA:379,611
DA:383,611
DA:384,1222
DA:385,1222
DA:386,611
DA:388,611
DA:389,1833
DA:390,611
DA:391,1222
DA:392,611
DA:394,611
DA:395,2444
DA:411,36
DA:423,1
DA:424,2
DA:425,2
DA:436,1
DA:437,2
DA:438,2
DA:442,1
DA:443,1
DA:452,2
DA:453,2
DA:510,12
DA:512,24
DA:513,20
DA:514,20
DA:515,9
DA:516,18
DA:517,18
DA:518,9
DA:522,5
DA:524,5
DA:525,0
DA:527,5
DA:530,10
DA:533,5
DA:537,5
DA:538,5
DA:541,283
DA:543,566
DA:544,283
DA:547,1
DA:549,0
DA:550,0
DA:551,0
DA:553,3
DA:554,1
DA:559,0
DA:560,0
DA:564,0
DA:565,0
DA:574,1
DA:575,3
DA:578,2
DA:579,6
DA:615,0
DA:616,0
DA:627,0
DA:629,0
DA:631,0
LF:211
LH:185
end_of_record
SF:lib/src/widgets/framework.dart
DA:61,789
DA:80,6
DA:85,4
DA:87,12
DA:90,4
DA:91,8
DA:94,1
DA:95,4
DA:97,2
DA:99,4
DA:100,6
DA:102,0
DA:155,836
DA:161,1152
DA:163,2850
DA:169,568
DA:175,9
DA:182,369
DA:183,369
DA:184,369
DA:186,312
DA:187,312
DA:205,836
DA:209,40
DA:211,56
DA:212,80
DA:213,78
DA:215,14
DA:244,1152
DA:249,568
DA:251,1704
DA:254,568
DA:255,1136
DA:258,573
DA:259,1146
DA:261,30
DA:263,30
DA:268,30
DA:269,120
DA:271,90
DA:312,53894
DA:350,376
DA:352,376
DA:353,498
DA:356,86
DA:358,86
DA:359,86
DA:362,573
DA:364,573
DA:366,14
DA:368,14
DA:380,569
DA:381,1707
DA:382,1707
DA:389,569
DA:390,569
DA:391,569
DA:522,25381
DA:527,573
DA:528,573
DA:767,2340
DA:772,570
DA:773,570
DA:921,1140
DA:932,1142
DA:944,570
DA:945,1140
DA:946,570
DA:947,1
DA:953,570
DA:954,570
DA:967,660
DA:1000,570
DA:1003,1140
DA:1005,1140
DA:1007,570
DA:1031,567
DA:1046,4
DA:1092,570
DA:1094,1140
DA:1095,1140
DA:1096,2
DA:1097,2
DA:1098,1
DA:1104,1
DA:1111,1
DA:1119,1442
DA:1120,2
DA:1121,2
DA:1122,1
DA:1131,570
DA:1132,570
DA:1133,1140
DA:1134,570
DA:1135,2
DA:1136,1
DA:1137,2
DA:1141,1
DA:1151,570
DA:1152,1140
DA:1181,465
DA:1215,64
DA:1238,465
DA:1241,930
DA:1242,930
DA:1243,465
DA:1245,465
DA:1247,930
DA:1385,570
DA:1389,68
DA:1391,68
DA:1392,136
DA:1393,204
DA:1395,68
DA:1396,204
DA:1397,204
DA:1421,4620
DA:1487,2708
DA:1489,323
DA:1490,323
DA:1501,323
DA:1502,646
DA:1503,646
DA:1504,646
DA:1514,1
DA:1519,2
DA:1520,2
DA:1522,1
DA:1523,1
DA:1525,0
DA:1526,0
DA:1529,1
DA:1530,2
DA:1532,2
DA:1533,1
DA:1534,2
DA:1537,1
DA:1538,3
DA:1541,1
DA:1542,1
DA:1578,0
DA:1727,2238
DA:1729,570
DA:1730,570
DA:1761,37163
DA:1790,275
DA:1796,568
DA:1805,88
DA:1807,83
DA:1808,83
DA:1822,37105
DA:1829,573
DA:1830,573
DA:1858,627
DA:1914,569
DA:1915,569
DA:1932,568
DA:1933,1704
DA:1934,1136
DA:1936,3
DA:1937,3
DA:1941,568
DA:1942,1136
DA:1943,1704
DA:1944,568
DA:1946,568
DA:1947,1704
DA:1950,575
DA:1951,575
DA:1952,1725
DA:1953,1150
DA:1955,1725
DA:1957,1150
DA:1958,575
DA:1962,568
DA:1963,1704
DA:1964,568
DA:1965,1704
DA:1966,568
DA:1967,1136
DA:1968,568
DA:1970,568
DA:1973,568
DA:1974,1136
DA:1975,1704
DA:1976,1136
DA:1977,1136
DA:1978,568
DA:1980,1136
DA:1983,86
DA:1984,172
DA:1985,172
DA:1986,172
DA:1987,172
DA:1988,258
DA:1991,0
DA:1993,0
DA:1994,0
DA:1996,0
DA:2489,614
DA:2490,1228
DA:2513,58
DA:2531,569
DA:2532,1707
DA:2533,1138
DA:2535,0
DA:2537,569
DA:2538,0
DA:2539,0
DA:2540,0
DA:2541,0
DA:2545,0
DA:2553,569
DA:2554,569
DA:2555,57
DA:2557,0
DA:2559,29
DA:2560,0
DA:2561,0
DA:2562,0
DA:2569,28
DA:2570,28
DA:2573,1138
DA:2574,569
DA:2575,1138
DA:2577,1138
DA:2578,569
DA:2579,1138
DA:2581,0
DA:2584,569
DA:2588,1719
DA:2593,0
DA:2602,578
DA:2603,1156
DA:2604,1156
DA:2605,1156
DA:2607,578
DA:2609,578
DA:2611,1156
DA:2612,1156
DA:2614,578
DA:2616,1156
DA:2644,573
DA:2646,1144
DA:2649,1146
DA:2650,1146
DA:2651,1146
DA:2653,4
DA:2655,1146
DA:2656,573
DA:2658,573
DA:2661,1146
DA:2663,0
DA:2664,0
DA:2665,0
DA:2666,0
DA:2667,0
DA:2671,573
DA:2672,573
DA:2678,573
DA:2680,573
DA:2682,1146
DA:2683,573
DA:2684,573
DA:2686,573
DA:2687,573
DA:2689,573
DA:2691,1146
DA:2692,1146
DA:2693,573
DA:2694,573
DA:2696,573
DA:2699,1146
DA:2700,573
DA:2701,1146
DA:2703,573
DA:2704,1138
DA:2705,1138
DA:2706,1138
DA:2707,1707
DA:2708,2
DA:2709,1
DA:2710,1
DA:2714,1
DA:2720,1
DA:2725,1
DA:2733,569
DA:2734,1138
DA:2737,0
DA:2739,0
DA:2742,0
DA:2743,0
DA:2744,0
DA:2749,569
DA:2751,0
DA:2752,0
DA:2755,0
DA:2756,0
DA:2757,0
DA:2758,0
DA:2759,0
DA:2761,0
DA:2766,0
DA:2768,569
DA:2769,2276
DA:2770,644
DA:2771,322
DA:2772,644
DA:2773,1608
DA:2781,8
DA:2785,1146
DA:2786,3422
DA:2787,0
DA:2788,0
DA:2789,0
DA:2790,0
DA:2794,573
DA:2796,1142
DA:2797,1138
DA:2798,569
DA:2800,1146
DA:2801,573
DA:2802,573
DA:2804,573
DA:2806,573
DA:2807,1146
DA:2808,573
DA:2809,1146
DA:2811,2
DA:2814,573
DA:2816,1146
DA:2821,80
DA:2822,160
DA:2823,80
DA:2824,240
DA:2825,80
DA:2828,573
DA:2829,653
DA:2851,3
DA:2853,569
DA:2854,1138
DA:2855,1382
DA:2857,569
DA:2860,573
DA:2861,1146
DA:2862,1146
DA:2863,4
DA:2864,12
DA:2865,4
DA:2868,573
DA:2869,1146
DA:2872,420
DA:2873,840
DA:2874,2100
DA:2875,4
DA:2876,12
DA:2879,420
DA:2880,1260
DA:2881,840
DA:2885,570
DA:2886,1140
DA:2887,1710
DA:2888,1710
DA:2890,570
DA:2893,575
DA:2894,1150
DA:2895,575
DA:2896,1720
DA:2898,2850
DA:2901,1140
DA:2905,570
DA:2913,574
DA:2915,2
DA:2918,6
DA:2919,4
DA:2920,2
DA:2921,4
DA:2929,2
DA:2930,1
DA:2931,2
DA:2943,4
DA:2944,3
DA:2945,1
DA:2946,1
DA:2950,4
DA:2951,1
DA:2952,0
DA:2953,0
DA:2959,570
DA:2963,1150
DA:2965,575
DA:2968,575
DA:2969,1150
DA:2971,1152
DA:2972,4
DA:2973,3
DA:2974,2
DA:2975,2
DA:2976,1
DA:2978,2
DA:2979,1
DA:2980,3
DA:2983,1150
DA:2985,1
DA:2986,2
DA:2987,2
DA:2988,1
DA:2994,4
DA:2996,2
DA:2997,1
DA:3000,575
DA:3013,575
DA:3016,575
DA:3019,1725
DA:3020,1150
DA:3022,575
DA:3023,575
DA:3024,575
DA:3025,160
DA:3026,73
DA:3027,219
DA:3028,146
DA:3029,6
DA:3032,73
DA:3033,2
DA:3034,8
DA:3035,2
DA:3036,0
DA:3038,2
DA:3041,2
DA:3042,4
DA:3043,2
DA:3044,2
DA:3046,0
DA:3049,4
DA:3050,2
DA:3051,8
DA:3052,2
DA:3053,0
DA:3055,2
DA:3058,2
DA:3059,4
DA:3060,2
DA:3061,2
DA:3063,0
DA:3066,4
DA:3067,4
DA:3068,4
DA:3069,4
DA:3070,4
DA:3071,4
DA:3072,4
DA:3073,4
DA:3074,4
DA:3075,4
DA:3076,4
DA:3077,4
DA:3079,4
DA:3080,4
DA:3083,4
DA:3087,2
DA:3094,2
DA:3101,655
DA:3104,575
DA:3109,12
DA:3112,575
DA:3123,4
DA:3125,4
DA:3128,8
DA:3129,12
DA:3130,4
DA:3131,4
DA:3134,4
DA:3153,537
DA:3155,2148
DA:3160,320
DA:3165,261
DA:3166,522
DA:3169,497
DA:3173,573
DA:3176,0
DA:3233,574
DA:3236,1148
DA:3238,574
DA:3266,573
DA:3277,1146
DA:3282,573
DA:3283,1146
DA:3284,1146
DA:3285,0
DA:3288,573
DA:3289,573
DA:3295,415
DA:3296,1245
DA:3298,415
DA:3303,224
DA:3304,445
DA:3305,70
DA:3315,569
DA:3316,569
DA:3317,569
DA:3329,574
DA:3330,574
DA:3333,16
DA:3334,16
DA:3340,6
DA:3342,12
DA:3343,12
DA:3345,6
DA:3353,53
DA:3355,106
DA:3356,106
DA:3358,53
DA:3363,573
DA:3364,573
DA:3394,4
DA:3397,12
DA:3398,4
DA:3399,4
DA:3401,8
DA:3402,8
DA:3403,4
DA:3405,4
DA:3408,570
DA:3411,570
DA:3414,570
DA:3424,469
DA:3427,938
DA:3429,469
DA:3430,469
DA:3433,938
DA:3434,469
DA:3443,11
DA:3445,11
DA:3446,11
DA:3447,22
DA:3448,11
DA:3452,22
DA:3453,11
DA:3458,11
DA:3459,22
DA:3461,0
DA:3470,12
DA:3471,12
DA:3473,48
DA:3478,6
DA:3480,6
DA:3483,9
DA:3485,9
DA:3488,8
DA:3493,16
DA:3510,85
DA:3532,932
DA:3535,38
DA:3537,76
DA:3538,114
DA:3541,0
DA:3542,0
DA:3543,0
DA:3550,38
DA:3551,38
DA:3595,573
DA:3600,108
DA:3623,1138
DA:3624,569
DA:3625,569
DA:3626,569
DA:3628,569
DA:3629,1138
DA:3633,694
DA:3634,6
DA:3637,1138
DA:3638,1138
DA:3639,101
DA:3641,569
DA:3644,0
DA:3646,0
DA:3649,0
DA:3650,0
DA:3651,0
DA:3655,569
DA:3657,0
DA:3659,1707
DA:3660,1138
DA:3661,1138
DA:3663,569
DA:3666,568
DA:3667,1136
DA:3671,568
DA:3677,573
DA:3680,1146
DA:3682,569
DA:3684,573
DA:3685,573
DA:3686,570
DA:3687,1140
DA:3690,573
DA:3712,573
DA:3714,1146
DA:3715,573
DA:3716,1719
DA:3717,573
DA:3718,573
DA:3719,573
DA:3720,573
DA:3721,2865
DA:3726,1146
DA:3728,573
DA:3729,1146
DA:3730,573
DA:3731,1146
DA:3733,573
DA:3734,573
DA:3737,569
DA:3738,569
DA:3739,1138
DA:3749,569
DA:3754,1138
DA:3755,1138
DA:3756,1138
DA:3763,1138
DA:3764,1707
DA:3765,1138
DA:3767,569
DA:3768,569
DA:3776,103
DA:3778,206
DA:3779,309
DA:3780,103
DA:3781,103
DA:3782,103
DA:3783,98
DA:3786,103
DA:3789,103
DA:3790,206
DA:3791,103
DA:3792,309
DA:3793,103
DA:3796,86
DA:3797,86
DA:3798,172
DA:3799,43
DA:3800,84
DA:3801,41
DA:3814,568
DA:3815,1136
DA:3816,568
DA:3818,568
DA:3829,65
DA:3830,65
DA:3831,130
DA:3832,65
DA:3834,65
DA:3837,570
DA:3844,570
DA:3848,172
DA:3851,172
DA:3853,0
DA:3856,86
DA:3857,86
DA:3859,160
DA:3860,80
DA:3861,0
DA:3862,0
DA:3863,0
DA:3864,0
DA:3865,0
DA:3866,0
DA:3867,0
DA:3870,160
DA:3875,80
DA:3876,80
DA:3877,80
DA:3879,172
DA:3880,258
DA:3900,573
DA:3904,573
DA:3907,0
DA:3909,0
DA:3912,0
DA:3913,0
DA:3914,0
DA:3920,573
DA:3921,573
DA:3922,570
DA:3924,171
DA:3925,171
DA:3926,86
DA:3928,85
DA:3929,86
DA:3930,86
DA:3931,171
DA:3935,573
DA:3936,1146
DA:3937,573
DA:3939,573
DA:3940,573
DA:3941,1719
DA:3946,0
DA:3951,573
DA:3952,1146
DA:3953,1146
DA:3955,573
DA:3956,573
DA:3958,1146
DA:3960,573
DA:3977,568
DA:3979,1704
DA:3980,568
DA:3981,568
DA:3982,1704
DA:3983,1136
DA:3985,3
DA:3986,3
DA:3990,568
DA:4014,80
DA:4023,160
DA:4024,240
DA:4025,160
DA:4028,80
DA:4031,86
DA:4032,172
DA:4033,86
DA:4034,172
DA:4036,0
DA:4039,86
DA:4040,258
DA:4041,86
DA:4042,86
DA:4043,172
DA:4046,86
DA:4047,258
DA:4048,86
DA:4049,258
DA:4050,86
DA:4064,86
DA:4066,172
DA:4067,86
DA:4068,311
DA:4069,86
DA:4072,156
DA:4073,86
DA:4074,86
DA:4075,86
DA:4076,86
DA:4077,58
DA:4080,72
DA:4099,568
DA:4101,1136
DA:4102,568
DA:4103,1704
DA:4104,1704
DA:4105,1136
DA:4114,568
DA:4115,568
DA:4121,568
DA:4123,1136
DA:4144,568
DA:4146,1136
DA:4147,568
DA:4148,568
DA:4150,1136
DA:4153,1136
DA:4154,568
DA:4155,840
DA:4159,568
DA:4160,568
DA:4161,568
DA:4164,317
DA:4166,634
DA:4167,634
DA:4168,2
DA:4169,1
DA:4170,2
DA:4173,1
DA:4177,1
DA:4181,317
DA:4182,317
DA:4185,19
DA:4187,38
DA:4188,38
DA:4191,0
DA:4192,0
DA:4193,0
DA:4196,0
DA:4198,0
DA:4201,38
DA:4202,0
DA:4203,0
DA:4204,0
DA:4211,0
DA:4212,0
DA:4219,0
DA:4220,0
DA:4224,19
DA:4225,19
DA:4226,38
DA:4228,0
DA:4229,0
DA:4230,0
DA:4237,0
DA:4240,19
DA:4241,0
DA:4242,0
DA:4243,0
DA:4245,0
DA:4251,0
DA:4252,0
DA:4255,19
DA:4256,0
DA:4257,0
DA:4258,0
DA:4260,0
DA:4264,0
DA:4265,0
DA:4269,19
DA:4270,0
DA:4271,0
DA:4272,0
DA:4279,0
DA:4280,0
DA:4283,19
DA:4284,0
DA:4285,0
DA:4286,0
DA:4293,0
DA:4294,0
DA:4295,0
DA:4302,19
DA:4303,19
DA:4304,19
DA:4313,570
DA:4314,1140
DA:4315,1140
DA:4316,2
DA:4317,1
DA:4318,1
DA:4322,1
DA:4330,570
DA:4335,31
DA:4337,93
DA:4339,569
DA:4341,1138
DA:4342,1138
DA:4343,569
DA:4344,569
DA:4347,570
DA:4349,570
DA:4350,1710
DA:4352,451
DA:4354,570
DA:4358,569
DA:4360,569
DA:4361,1707
DA:4374,573
DA:4376,1719
DA:4379,573
DA:4380,1146
DA:4381,1719
DA:4384,245
DA:4386,245
DA:4387,244
DA:4388,732
DA:4389,244
DA:4391,158
DA:4394,195
DA:4396,195
DA:4397,194
DA:4399,582
DA:4402,194
DA:4405,100
DA:4408,21
DA:4410,21
DA:4411,21
DA:4414,63
DA:4417,21
DA:4419,21
DA:4422,126
DA:4424,126
DA:4425,125
DA:4427,375
DA:4428,125
DA:4430,117
DA:4435,255
DA:4437,255
DA:4438,254
DA:4439,254
DA:4440,253
DA:4452,309
DA:4454,618
DA:4455,309
DA:4456,309
DA:4459,316
DA:4460,632
DA:4461,632
DA:4462,0
DA:4463,0
DA:4464,0
DA:4467,0
DA:4468,0
DA:4479,316
DA:4486,23
DA:4487,23
DA:4489,46
DA:4490,46
DA:4491,23
DA:4494,7
DA:4496,23
DA:4503,1
DA:4504,1
DA:4505,1
DA:4507,1
DA:4508,1
DA:4513,269
DA:4515,530
DA:4519,75
DA:4520,154
DA:4522,41
DA:4524,41
DA:4531,50
DA:4533,50
DA:4534,50
DA:4535,100
DA:4536,147
DA:4538,150
DA:4539,200
DA:4540,100
DA:4541,150
DA:4542,50
DA:4543,19
DA:4544,19
DA:4545,28
DA:4546,27
DA:4548,76
DA:4549,19
DA:4550,38
DA:4554,50
DA:4556,50
DA:4557,77
DA:4558,54
DA:4568,1142
DA:4585,570
DA:4586,1140
DA:4587,1140
DA:4590,570
DA:4591,1140
DA:4592,1140
DA:4593,1140
DA:4594,1140
DA:4595,1140
DA:4596,1710
DA:4599,2
DA:4600,2
DA:4601,4
DA:4602,4
DA:4610,2
DA:4612,4
DA:4613,8
DA:4615,2
DA:4616,1138
DA:4617,0
DA:4618,0
DA:4619,0
DA:4620,0
DA:4623,0
DA:4627,570
DA:4628,570
DA:4631,569
DA:4632,1138
DA:4645,573
DA:4647,1146
DA:4648,1719
DA:4651,1146
DA:4652,2
DA:4654,0
DA:4655,0
DA:4656,0
DA:4658,0
DA:4662,573
DA:4663,1146
DA:4664,1146
DA:4666,1146
DA:4667,1146
DA:4668,1146
DA:4670,573
DA:4672,573
DA:4674,1146
DA:4675,1719
DA:4676,1146
DA:4678,573
DA:4680,1146
DA:4688,573
DA:4691,573
DA:4696,50
DA:4705,2
DA:4707,2
DA:4708,2
DA:4709,2
DA:4710,8
DA:4712,4
DA:4765,2
DA:4766,2
DA:4767,2
DA:4768,4
DA:4774,42
DA:4776,84
DA:4807,1136
DA:4809,42
DA:4811,84
DA:4812,126
DA:4814,42
DA:4815,42
DA:4816,84
DA:4819,43
DA:4821,43
DA:4834,43
DA:4835,86
DA:4837,0
DA:4839,0
DA:4840,0
DA:4841,0
DA:4843,0
DA:4915,574
DA:4920,1
DA:4921,1
DA:4923,573
DA:4925,573
DA:4926,573
DA:4927,1146
DA:4928,573
DA:4929,573
DA:4932,573
DA:4934,573
DA:4943,573
DA:4948,1146
DA:4949,573
DA:4951,573
DA:4952,573
DA:4953,1146
DA:4954,573
DA:4956,573
DA:4957,1146
DA:4959,25
DA:4960,48
DA:4961,24
DA:4962,48
DA:4965,4
DA:4967,4
DA:4974,573
DA:4977,2292
DA:4978,573
DA:4980,38
DA:4981,19
DA:4982,38
DA:4985,0
DA:4987,0
DA:4991,60
DA:5001,570
DA:5003,570
DA:5004,1138
DA:5008,48
DA:5010,144
DA:5011,48
DA:5012,48
DA:5019,573
DA:5021,573
DA:5022,1146
DA:5024,567
DA:5026,567
DA:5027,1134
DA:5028,567
DA:5035,571
DA:5036,571
DA:5037,571
DA:5038,1142
DA:5039,1142
DA:5040,0
DA:5041,0
DA:5042,0
DA:5043,0
DA:5044,0
DA:5045,0
DA:5050,571
DA:5051,1142
DA:5052,1142
DA:5054,1142
DA:5056,0
DA:5059,1142
DA:5060,1713
DA:5063,570
DA:5064,1140
DA:5071,1142
DA:5074,4
DA:5076,12
DA:5077,8
DA:5079,4
DA:5082,570
DA:5084,1710
DA:5085,1140
DA:5086,1140
DA:5087,570
DA:5088,2
DA:5089,4
DA:5090,1
DA:5091,1
DA:5098,570
DA:5099,1140
DA:5100,1140
DA:5102,570
DA:5103,1140
DA:5104,1140
DA:5105,1140
DA:5107,570
DA:5108,570
DA:5111,570
DA:5113,570
DA:5114,547
DA:5115,273
DA:5117,570
DA:5120,567
DA:5122,567
DA:5123,1134
DA:5124,1134
DA:5125,1701
DA:5126,1134
DA:5127,1134
DA:5128,567
DA:5129,2
DA:5130,4
DA:5131,1
DA:5132,1
DA:5139,567
DA:5140,567
DA:5143,64
DA:5145,64
DA:5146,128
DA:5150,128
DA:5151,64
DA:5154,465
DA:5156,930
DA:5157,465
DA:5160,465
DA:5162,465
DA:5163,930
DA:5164,930
DA:5165,1395
DA:5168,0
DA:5169,0
DA:5170,0
DA:5175,465
DA:5176,930
DA:5179,465
DA:5182,394
DA:5184,787
DA:5185,788
DA:5186,1182
DA:5187,2
DA:5188,4
DA:5189,1
DA:5196,1
DA:5203,1179
DA:5204,0
DA:5205,0
DA:5206,0
DA:5213,0
DA:5220,0
DA:5230,394
DA:5231,393
DA:5245,275
DA:5247,275
DA:5248,275
DA:5251,20
DA:5253,20
DA:5261,18
DA:5263,18
DA:5264,54
DA:5271,570
DA:5273,570
DA:5274,1140
DA:5276,568
DA:5278,568
DA:5279,1136
DA:5280,568
DA:5281,1136
DA:5282,568
DA:5283,568
DA:5291,327
DA:5293,327
DA:5308,323
DA:5310,201
DA:5311,201
DA:5312,201
DA:5313,201
DA:5315,340
DA:5316,170
DA:5319,201
DA:5354,38
DA:5355,76
DA:5356,190
DA:5357,38
DA:5360,197
DA:5362,394
DA:5369,570
DA:5373,570
DA:5375,1140
DA:5377,1140
DA:5378,2280
DA:5381,461
DA:5383,922
DA:5384,922
DA:5386,461
DA:5387,461
DA:5414,569
DA:5416,1138
DA:5441,569
DA:5443,1138
DA:5468,450
DA:5470,450
DA:5489,292
DA:5491,292
DA:5500,568
DA:5502,1136
DA:5503,275
DA:5518,294
DA:5520,294
DA:5521,876
DA:5522,576
DA:5524,288
DA:5525,288
DA:5526,276
DA:5528,288
DA:5529,288
DA:5531,864
DA:5532,288
DA:5718,573
DA:5723,573
DA:5725,574
DA:5726,573
DA:5731,1
DA:5732,1
DA:5736,573
DA:5737,573
DA:5738,573
DA:5739,573
DA:5744,573
DA:5745,573
DA:5747,573
DA:5748,573
DA:5752,573
DA:5754,1146
DA:5759,323
DA:5760,323
DA:5761,323
DA:5762,233
DA:5763,1
DA:5765,233
DA:5767,323
DA:5768,1
DA:5773,2
DA:5774,1
DA:5775,1
DA:5776,1
DA:5777,5
DA:5778,1
DA:5779,1
DA:5780,3
DA:5782,1
DA:5783,3
DA:5787,573
DA:5791,573
DA:5793,573
DA:5794,1146
DA:5795,573
DA:5797,573
DA:5798,1719
DA:5799,1719
DA:5800,1146
DA:5801,573
DA:5803,573
DA:5804,1146
DA:5805,573
DA:5807,573
DA:5808,1146
DA:5809,573
DA:5810,573
DA:5813,569
DA:5815,569
DA:5816,1138
DA:5817,1138
DA:5818,569
DA:5820,569
DA:5821,569
DA:5824,573
DA:5825,1146
DA:5826,1719
DA:5828,573
DA:5831,568
DA:5833,568
DA:5836,569
DA:5838,1138
DA:5839,569
DA:5841,569
DA:5842,1707
DA:5843,1138
DA:5844,569
DA:5846,569
DA:5847,569
DA:5897,339
DA:5899,348
DA:5901,317
DA:5902,317
DA:5905,317
DA:5907,3
DA:5908,317
DA:5944,678
DA:5945,678
DA:5947,1017
DA:5948,501
DA:5953,656
DA:5954,632
DA:5955,316
DA:5956,948
DA:5957,632
DA:5960,630
DA:5961,945
DA:5962,315
DA:5964,315
DA:5965,315
DA:5969,481
DA:5970,228
DA:5971,116
DA:5972,342
DA:5973,228
DA:5976,85
DA:5977,85
DA:5981,339
DA:5984,137
DA:5985,137
DA:5986,274
DA:5987,409
DA:5989,272
DA:5990,348
DA:5992,53
DA:5995,137
DA:6000,339
DA:6002,174
DA:6004,84
DA:6006,69
DA:6008,74
DA:6011,37
DA:6019,248
DA:6020,348
DA:6021,522
DA:6022,348
DA:6023,174
DA:6025,174
DA:6029,1017
DA:6030,1017
DA:6031,2034
DA:6032,678
DA:6033,678
DA:6036,424
DA:6037,85
DA:6038,85
DA:6039,255
DA:6040,85
DA:6041,255
DA:6042,170
DA:6043,255
DA:6044,170
DA:6045,85
DA:6047,85
DA:6048,85
DA:6052,137
DA:6053,222
DA:6054,111
DA:6055,109
DA:6059,1312
DA:6063,568
DA:6065,568
DA:6067,1704
DA:6069,0
DA:6073,568
DA:6076,1704
DA:6078,0
DA:6080,568
DA:6081,568
DA:6083,1704
DA:6085,0
DA:6087,1136
DA:6088,1136
DA:6089,568
DA:6092,323
DA:6094,646
DA:6096,646
DA:6098,2
DA:6099,1
DA:6100,1
DA:6101,2
DA:6102,2
DA:6103,2
DA:6107,1
DA:6112,3
DA:6115,323
DA:6117,646
DA:6121,103
DA:6123,103
DA:6124,206
DA:6125,103
DA:6126,206
DA:6127,412
DA:6130,573
DA:6132,573
DA:6133,573
DA:6134,1146
DA:6135,1719
DA:6136,573
DA:6138,646
DA:6142,568
DA:6144,568
DA:6145,2272
DA:6146,568
DA:6148,568
DA:6159,1
DA:6161,1
DA:6162,2
DA:6163,1
DA:6164,1
DA:6168,1
DA:6173,1
DA:6182,1
DA:6199,0
DA:6201,0
DA:6202,0
DA:6203,0
DA:6204,0
DA:6208,0
DA:6213,0
DA:6222,0
DA:6229,0
DA:6231,0
DA:6232,0
DA:6233,0
DA:6234,0
DA:6238,0
DA:6243,0
DA:6252,0
DA:6255,8
DA:6257,8
DA:6258,24
DA:6268,573
DA:6281,573
DA:6282,573
DA:6285,573
DA:6288,573
DA:6289,573
DA:6290,573
DA:6297,84
DA:6299,0
DA:6301,0
DA:6302,0
DA:6305,0
DA:6307,0
DA:6310,0
DA:6312,0
DA:6315,0
DA:6317,0
DA:6320,0
DA:6322,0
DA:6335,573
DA:6339,568
DA:6341,568
DA:6342,1136
DA:6346,39
DA:6348,117
DA:6349,39
DA:6350,39
DA:6353,573
DA:6355,573
DA:6356,2865
DA:6359,411
DA:6361,411
DA:6362,822
DA:6363,2055
DA:6366,573
DA:6368,573
DA:6369,573
DA:6370,1146
DA:6371,573
DA:6372,1719
DA:6375,0
DA:6377,0
DA:6380,167
DA:6382,167
DA:6383,167
DA:6384,501
DA:6385,167
DA:6386,501
DA:6405,569
DA:6406,1707
DA:6408,569
DA:6410,569
DA:6417,339
DA:6419,1695
DA:6426,433
DA:6428,433
DA:6429,865
DA:6430,1254
DA:6431,1296
DA:6434,92
DA:6436,92
DA:6437,276
DA:6438,273
DA:6439,276
DA:6442,151
DA:6444,151
DA:6445,453
DA:6446,151
DA:6447,453
DA:6450,568
DA:6452,999
DA:6453,862
DA:6454,431
DA:6459,9
DA:6461,18
DA:6462,27
DA:6463,18
DA:6464,9
DA:6467,432
DA:6468,864
DA:6469,432
DA:6470,1
DA:6471,1
DA:6472,2
DA:6473,1
DA:6474,2
DA:6475,1
DA:6478,1
DA:6479,2
DA:6485,432
DA:6489,433
DA:6491,433
DA:6492,432
DA:6496,569
DA:6498,569
DA:6499,569
DA:6500,2276
DA:6502,1569
DA:6503,1728
DA:6504,431
DA:6507,569
DA:6510,339
DA:6512,339
DA:6513,339
DA:6514,678
DA:6515,1356
DA:6516,1695
DA:6517,678
DA:6527,573
DA:6532,14
DA:6533,28
DA:6536,44
DA:6542,44
DA:6549,44
DA:6569,433
DA:6578,433
DA:6580,1299
DA:6583,433
DA:6584,1299
DA:6585,1299
DA:6588,0
DA:6589,0
DA:6595,1138
DA:6597,1707
DA:6599,0
DA:6600,0
DA:6604,789
DA:6606,0
DA:6607,0
DA:6612,4
DA:6613,5
LF:1581
LH:1392
end_of_record
SF:lib/src/foundation/diagnostics.dart
DA:230,404
DA:256,808
DA:418,180
DA:471,9
DA:494,33
DA:532,12
DA:601,51
DA:641,72
DA:674,285
DA:696,1152
DA:725,105
DA:753,30
DA:779,404
DA:792,1212
DA:794,37
DA:795,37
DA:796,37
DA:800,404
DA:801,808
DA:802,1191
DA:803,397
DA:805,1212
DA:820,682
DA:821,840
DA:823,36
DA:827,404
DA:828,808
DA:829,808
DA:830,808
DA:832,808
DA:834,395
DA:841,114
DA:843,114
DA:844,114
DA:845,332
DA:846,228
DA:849,114
DA:850,228
DA:851,114
DA:852,114
DA:854,52
DA:858,228
DA:871,114
DA:872,342
DA:874,111
DA:876,60
DA:877,60
DA:888,60
DA:890,120
DA:894,180
DA:897,0
DA:899,120
DA:903,60
DA:904,240
DA:905,60
DA:910,60
DA:911,300
DA:912,60
DA:916,60
DA:917,240
DA:919,120
DA:924,60
DA:925,60
DA:927,120
DA:931,59
DA:935,20
DA:936,5
DA:942,118
DA:946,59
DA:947,59
DA:965,404
DA:966,404
DA:970,404
DA:971,1212
DA:972,404
DA:973,120
DA:974,120
DA:976,404
DA:977,404
DA:978,114
DA:979,226
DA:980,224
DA:981,437
DA:983,140
DA:985,342
DA:988,808
DA:992,120
DA:993,120
DA:994,238
DA:995,119
DA:999,404
DA:1004,808
DA:1005,1212
DA:1007,240
DA:1009,808
DA:1012,404
DA:1013,1307
DA:1018,77
DA:1019,77
DA:1023,154
DA:1024,0
DA:1026,154
DA:1028,154
DA:1029,77
DA:1030,32
DA:1032,154
DA:1033,77
DA:1037,17
DA:1038,17
DA:1039,119
DA:1040,51
DA:1041,17
DA:1042,17
DA:1043,34
DA:1044,51
DA:1045,34
DA:1046,51
DA:1049,34
DA:1052,404
DA:1053,808
DA:1054,384
DA:1057,808
DA:1062,789
DA:1068,408
DA:1069,408
DA:1090,404
DA:1111,37
DA:1115,37
DA:1116,91
DA:1120,404
DA:1129,404
DA:1138,404
DA:1144,1562
DA:1146,404
DA:1147,4
DA:1148,4
DA:1151,404
DA:1152,404
DA:1153,808
DA:1156,808
DA:1159,5
DA:1164,5
DA:1165,7
DA:1166,2
DA:1167,2
DA:1168,6
DA:1169,2
DA:1170,2
DA:1172,2
DA:1173,0
DA:1174,0
DA:1176,2
DA:1179,5
DA:1180,5
DA:1181,5
DA:1182,3
DA:1183,8
DA:1184,3
DA:1186,12
DA:1188,5
DA:1189,5
DA:1191,404
DA:1194,2015
DA:1197,404
DA:1199,404
DA:1200,808
DA:1201,34
DA:1203,120
DA:1204,120
DA:1205,808
DA:1206,404
DA:1208,1
DA:1210,404
DA:1211,31
DA:1212,28
DA:1216,769
DA:1218,380
DA:1219,380
DA:1220,760
DA:1223,380
DA:1224,748
DA:1228,131
DA:1231,6
DA:1234,380
DA:1235,779
DA:1241,17
DA:1243,808
DA:1246,397
DA:1247,843
DA:1252,808
DA:1253,51
DA:1256,808
DA:1257,1143
DA:1260,814
DA:1261,0
DA:1263,0
DA:1264,0
DA:1266,0
DA:1268,0
DA:1269,0
DA:1270,0
DA:1273,404
DA:1279,1212
DA:1280,382
DA:1281,760
DA:1284,404
DA:1285,224
DA:1288,404
DA:1289,754
DA:1292,808
DA:1294,404
DA:1295,6
DA:1296,1
DA:1297,1
DA:1298,2
DA:1299,1
DA:1300,2
DA:1304,1185
DA:1305,377
DA:1306,377
DA:1307,628
DA:1310,377
DA:1311,754
DA:1315,366
DA:1316,366
DA:1317,1098
DA:1320,366
DA:1321,1097
DA:1322,692
DA:1324,48
DA:1325,48
DA:1326,48
DA:1330,52
DA:1331,156
DA:1332,208
DA:1335,52
DA:1338,404
DA:1339,754
DA:1342,808
DA:1344,404
DA:1345,780
DA:1348,404
DA:1349,404
DA:1350,404
DA:1351,404
DA:1352,56
DA:1353,168
DA:1355,40
DA:1358,468
DA:1359,37
DA:1360,19
DA:1361,54
DA:1362,32
DA:1365,37
DA:1367,111
DA:1368,37
DA:1369,37
DA:1370,111
DA:1371,74
DA:1372,111
DA:1373,74
DA:1379,74
DA:1380,4
DA:1381,16
DA:1382,8
DA:1383,1
DA:1384,1
DA:1385,5
DA:1388,8
DA:1391,84
DA:1392,56
DA:1393,84
DA:1394,56
DA:1400,56
DA:1401,1
DA:1402,4
DA:1403,2
DA:1404,1
DA:1405,1
DA:1406,5
DA:1409,2
DA:1414,808
DA:1415,51
DA:1416,34
DA:1418,404
DA:1437,460
DA:1447,856
DA:1462,26
DA:1468,26
DA:1504,1950
DA:1515,26
DA:1528,402
DA:1537,87
DA:1540,87
DA:1543,10
DA:1559,6
DA:1573,0
DA:1577,0
DA:1585,0
DA:1586,0
DA:1587,0
DA:1588,0
DA:1607,8
DA:1609,8
DA:1610,16
DA:1611,16
DA:1612,8
DA:1613,16
DA:1614,24
DA:1615,8
DA:1616,14
DA:1617,8
DA:1618,10
DA:1619,16
DA:1620,18
DA:1621,16
DA:1622,12
DA:1623,8
DA:1624,2
DA:1625,16
DA:1626,24
DA:1627,8
DA:1628,0
DA:1630,3
DA:1631,8
DA:1632,0
DA:1633,8
DA:1634,12
DA:1635,8
DA:1636,16
DA:1637,8
DA:1638,8
DA:1639,10
DA:1640,10
DA:1644,16
DA:1645,10
DA:1646,10
DA:1652,8
DA:1661,5
DA:1670,5
DA:1671,5
DA:1672,10
DA:1673,2
DA:1676,10
DA:1677,10
DA:1678,5
DA:1680,2
DA:1697,373
DA:1702,373
DA:1703,373
DA:1704,746
DA:1705,746
DA:1706,358
DA:1708,44
DA:1710,53
DA:1713,5
DA:1714,10
DA:1718,373
DA:1724,404
DA:1726,404
DA:1727,404
DA:1728,404
DA:1730,404
DA:1731,11
DA:1732,404
DA:1733,59
DA:1734,404
DA:1735,3
DA:1736,404
DA:1737,20
DA:1738,404
DA:1739,4
DA:1740,404
DA:1741,384
DA:1742,95
DA:1743,35
DA:1744,95
DA:1745,10
DA:1746,95
DA:1747,17
DA:1748,95
DA:1751,5
DA:1752,95
DA:1753,95
DA:1777,388
DA:1784,776
DA:1785,388
DA:1788,388
DA:1795,388
DA:1836,17
DA:1841,17
DA:1854,66
DA:1870,3
DA:1872,3
DA:1873,6
DA:1877,43
DA:1879,86
DA:1881,32
DA:1886,22
DA:1889,43
DA:1892,41
DA:1893,1
DA:1895,40
DA:1897,8
DA:1902,98
DA:1914,2
DA:1924,2
DA:1926,3
DA:1928,3
DA:1929,3
DA:1930,4
DA:1933,6
DA:1947,82
DA:1949,82
DA:1950,8
DA:1953,195
DA:1963,95
DA:1981,2
DA:1990,2
DA:1992,79
DA:1993,158
DA:2003,38
DA:2014,18
DA:2015,36
DA:2029,6
DA:2039,6
DA:2041,6
DA:2042,2
DA:2044,25
DA:2047,6
DA:2049,6
DA:2051,0
DA:2053,24
DA:2103,275
DA:2111,275
DA:2112,275
DA:2120,2
DA:2122,2
DA:2123,2
DA:2124,4
DA:2126,2
DA:2127,4
DA:2145,72
DA:2147,72
DA:2148,61
DA:2149,61
DA:2151,46
DA:2152,22
DA:2153,19
DA:2156,6
DA:2159,72
DA:2161,299
DA:2168,71
DA:2171,272
DA:2173,272
DA:2174,70
DA:2178,540
DA:2179,261
DA:2183,77
DA:2203,47
DA:2215,11
DA:2217,11
DA:2218,6
DA:2221,20
DA:2222,5
DA:2225,30
DA:2226,11
DA:2227,1
DA:2229,10
DA:2233,9
DA:2236,12
DA:2239,24
DA:2249,47
DA:2251,57
DA:2254,47
DA:2257,2
DA:2259,2
DA:2260,2
DA:2261,12
DA:2286,329
DA:2293,307
DA:2295,307
DA:2296,8
DA:2298,614
DA:2331,100
DA:2338,100
DA:2346,9
DA:2350,9
DA:2351,9
DA:2362,3
DA:2364,3
DA:2365,3
DA:2366,3
DA:2369,1
DA:2370,0
DA:2373,1
DA:2376,10
DA:2378,32
DA:2385,10
DA:2388,101
DA:2390,101
DA:2391,98
DA:2395,13
DA:2400,10
DA:2403,2
DA:2405,2
DA:2406,2
DA:2407,2
DA:2440,11
DA:2449,11
DA:2450,11
DA:2452,7
DA:2454,11
DA:2455,4
DA:2458,7
DA:2459,3
DA:2462,2
DA:2465,18
DA:2473,11
DA:2475,20
DA:2478,7
DA:2481,2
DA:2483,2
DA:2484,4
DA:2485,6
DA:2490,55
DA:2498,7
DA:2499,14
DA:2500,21
DA:2501,21
DA:2529,459
DA:2552,459
DA:2568,2
DA:2584,5
DA:2591,2
DA:2607,8
DA:2609,8
DA:2611,18
DA:2613,1
DA:2614,1
DA:2615,3
DA:2620,8
DA:2622,1
DA:2624,16
DA:2625,18
DA:2627,8
DA:2628,4
DA:2630,8
DA:2631,4
DA:2633,8
DA:2634,4
DA:2636,16
DA:2637,8
DA:2638,3
DA:2640,24
DA:2641,24
DA:2642,32
DA:2643,1
DA:2645,8
DA:2648,7
DA:2650,40
DA:2651,14
DA:2669,328
DA:2670,328
DA:2674,874
DA:2677,406
DA:2679,406
DA:2680,108
DA:2683,404
DA:2684,6
DA:2687,445
DA:2688,52
DA:2691,404
DA:2692,406
DA:2693,0
DA:2695,404
DA:2703,406
DA:2704,452
DA:2736,8
DA:2748,443
DA:2750,443
DA:2751,443
DA:2763,443
DA:2764,443
DA:2765,443
DA:2768,443
DA:2769,443
DA:2773,2
DA:2774,2
DA:2776,6
DA:2780,2
DA:2781,2
DA:2800,2625
DA:2814,442
DA:2816,884
DA:2817,56
DA:2820,442
DA:2824,788
DA:2828,442
DA:2832,439
DA:2837,400
DA:2839,400
DA:2840,1
DA:2841,1
DA:2842,1
DA:2844,1
DA:2845,3
DA:2851,402
DA:2853,402
DA:2854,1
DA:2855,1
DA:2856,1
DA:2858,1
DA:2859,3
DA:2872,384
DA:2886,384
DA:2890,768
DA:2891,384
DA:2892,768
DA:2893,1152
DA:2896,384
DA:2897,384
DA:2901,384
DA:2903,530
DA:2906,383
DA:2907,766
DA:2909,383
DA:2910,766
DA:2912,132
DA:2917,383
DA:2920,766
DA:2921,766
DA:2923,383
DA:2931,349
DA:2937,348
DA:2938,696
DA:2943,478
DA:2944,1912
DA:2956,1908
DA:2985,325
DA:2986,325
DA:2987,325
DA:2989,2
DA:2990,2
DA:2992,9
DA:2993,1
DA:2995,2
DA:3003,788
DA:3006,16
DA:3009,393
DA:3010,786
DA:3011,786
DA:3013,393
DA:3060,212
DA:3062,242
DA:3065,484
DA:3066,484
DA:3068,242
DA:3069,0
DA:3081,170
DA:3082,170
DA:3297,327
DA:3318,54714
DA:3337,0
DA:3342,0
DA:3343,0
DA:3344,0
DA:3345,0
DA:3346,0
DA:3347,0
DA:3348,0
DA:3349,0
DA:3350,0
DA:3352,0
DA:3354,0
DA:3355,0
DA:3376,10
DA:3381,20
DA:3384,0
DA:3385,0
DA:3387,56
DA:3389,56
DA:3413,37
DA:3421,283
DA:3423,566
DA:3426,1
DA:3432,2
DA:3433,1
DA:3434,2
DA:3435,1
DA:3436,1
DA:3437,1
DA:3438,1
DA:3439,4
DA:3440,1
DA:3442,1
DA:3444,1
DA:3445,0
DA:3448,63
DA:3454,126
DA:3457,286
DA:3458,286
DA:3460,359
DA:3462,359
DA:3469,314
DA:3472,319
DA:3484,29
DA:3499,29
DA:3517,29
DA:3518,29
DA:3520,28
DA:3521,28
DA:3523,28
DA:3524,28
DA:3635,6
DA:3640,5
DA:3645,1
DA:3647,5
DA:3650,5
DA:3653,1
DA:3658,1
DA:3669,1
DA:3674,1
DA:3676,1
DA:3677,0
DA:3678,1
LF:726
LH:686
end_of_record
SF:lib/src/rendering/proxy_box.dart
DA:47,578
DA:48,578
DA:62,558
DA:66,1116
DA:67,1116
DA:71,556
DA:73,556
DA:74,1080
DA:79,556
DA:81,556
DA:82,1080
DA:87,553
DA:89,553
DA:90,1076
DA:95,554
DA:97,554
DA:98,1078
DA:103,48
DA:105,48
DA:106,90
DA:108,43
DA:111,508
DA:113,508
DA:114,968
DA:116,346
DA:119,506
DA:121,506
DA:122,1446
DA:123,1446
DA:125,1032
DA:131,272
DA:132,272
DA:135,279
DA:137,558
DA:140,436
DA:143,552
DA:145,552
DA:146,1076
DA:173,419
DA:176,419
DA:186,275
DA:189,550
DA:190,462
DA:191,126
DA:192,550
DA:198,187
DA:199,374
DA:201,7
DA:203,7
DA:204,21
DA:222,517
DA:225,1034
DA:227,517
DA:230,32
DA:232,349
DA:233,698
DA:234,698
DA:237,83
DA:238,83
DA:241,515
DA:243,1730
DA:244,690
DA:246,458
DA:247,916
DA:248,916
DA:249,670
DA:254,515
DA:256,1730
DA:257,690
DA:259,458
DA:260,916
DA:261,916
DA:262,670
DA:267,515
DA:269,1826
DA:270,786
DA:272,440
DA:273,880
DA:274,880
DA:275,560
DA:280,515
DA:282,1826
DA:283,786
DA:285,440
DA:286,880
DA:287,880
DA:288,560
DA:293,515
DA:295,515
DA:296,515
DA:297,1604
DA:298,1202
DA:300,1804
DA:304,515
DA:306,515
DA:307,1600
DA:309,1353
DA:313,1
DA:315,1
DA:316,2
DA:318,4
DA:319,0
DA:320,0
DA:321,0
DA:324,1
DA:327,14
DA:329,14
DA:330,42
DA:352,288
DA:356,576
DA:357,576
DA:360,288
DA:363,46
DA:365,115
DA:366,230
DA:367,230
DA:370,2
DA:371,2
DA:375,80
DA:377,115
DA:378,230
DA:379,230
DA:382,2
DA:383,2
DA:386,284
DA:387,284
DA:388,284
DA:389,596
DA:390,284
DA:391,631
DA:395,284
DA:396,284
DA:397,849
DA:398,282
DA:400,4
DA:403,283
DA:405,283
DA:411,284
DA:413,567
DA:414,284
DA:419,8
DA:421,8
DA:422,24
DA:423,24
DA:457,10
DA:460,20
DA:461,20
DA:463,10
DA:469,4
DA:471,4
DA:472,8
DA:473,8
DA:474,8
DA:477,3
DA:478,3
DA:481,9
DA:483,9
DA:484,18
DA:486,9
DA:487,12
DA:492,9
DA:494,9
DA:495,18
DA:497,9
DA:498,12
DA:503,9
DA:505,9
DA:506,18
DA:508,9
DA:509,12
DA:514,9
DA:516,9
DA:517,18
DA:519,9
DA:520,12
DA:525,9
DA:526,18
DA:527,18
DA:528,11
DA:529,2
DA:530,1
DA:531,2
DA:538,9
DA:540,9
DA:541,6
DA:544,4
DA:550,4
DA:551,8
DA:553,2
DA:554,4
DA:562,8
DA:563,0
DA:564,0
DA:567,8
DA:568,2
DA:569,4
DA:572,8
DA:573,0
DA:574,0
DA:577,8
DA:578,1
DA:579,2
DA:582,8
DA:585,9
DA:587,9
DA:590,9
DA:592,27
DA:593,9
DA:594,20
DA:598,0
DA:600,0
DA:601,0
DA:642,28
DA:646,37
DA:647,29
DA:650,28
DA:655,2
DA:657,8
DA:658,11
DA:659,16
DA:662,2
DA:663,2
DA:669,2
DA:671,8
DA:672,9
DA:673,16
DA:676,1
DA:677,1
DA:680,27
DA:681,54
DA:685,27
DA:688,27
DA:690,27
DA:693,27
DA:695,27
DA:698,54
DA:699,54
DA:702,27
DA:704,27
DA:707,27
DA:708,27
DA:710,54
DA:711,54
DA:712,54
DA:715,27
DA:717,27
DA:720,27
DA:721,27
DA:723,54
DA:724,54
DA:725,54
DA:728,27
DA:729,27
DA:730,27
DA:731,81
DA:732,54
DA:733,81
DA:735,27
DA:736,3
DA:737,2
DA:738,3
DA:740,54
DA:742,1
DA:746,27
DA:748,27
DA:754,27
DA:756,54
DA:758,27
DA:762,0
DA:764,0
DA:765,0
DA:766,0
DA:800,19
DA:802,19
DA:804,19
DA:806,19
DA:809,19
DA:810,38
DA:812,38
DA:813,38
DA:816,19
DA:818,19
DA:821,19
DA:822,38
DA:824,38
DA:825,38
DA:828,19
DA:830,19
DA:833,19
DA:834,19
DA:835,19
DA:836,57
DA:837,38
DA:838,19
DA:840,38
DA:842,1
DA:846,19
DA:848,19
DA:854,19
DA:856,38
DA:858,19
DA:876,39
DA:880,117
DA:883,39
DA:884,39
DA:886,39
DA:887,113
DA:889,39
DA:890,39
DA:904,2
DA:906,24
DA:907,72
DA:908,48
DA:911,16
DA:912,32
DA:913,16
DA:914,48
DA:915,32
DA:916,11
DA:918,16
DA:919,60
DA:920,11
DA:929,36
DA:931,19
DA:932,38
DA:935,1
DA:936,1
DA:939,1
DA:941,3
DA:942,2
DA:945,31
DA:947,31
DA:948,62
DA:952,35
DA:954,105
DA:957,31
DA:960,33
DA:962,114
DA:963,56
DA:967,0
DA:969,0
DA:970,0
DA:971,0
DA:983,131
DA:984,260
DA:987,107
DA:989,107
DA:990,214
DA:1004,262
DA:1006,131
DA:1007,262
DA:1010,170
DA:1011,117
DA:1013,131
DA:1014,131
DA:1015,117
DA:1017,131
DA:1028,172
DA:1030,131
DA:1031,262
DA:1034,131
DA:1035,131
DA:1038,131
DA:1040,131
DA:1041,393
DA:1042,131
DA:1045,129
DA:1047,387
DA:1048,129
DA:1051,131
DA:1052,131
DA:1053,524
DA:1054,262
DA:1055,131
DA:1056,393
DA:1057,317
DA:1058,81
DA:1060,131
DA:1061,393
DA:1062,113
DA:1067,9
DA:1069,27
DA:1070,27
DA:1073,129
DA:1075,258
DA:1078,107
DA:1081,110
DA:1083,416
DA:1084,204
DA:1088,0
DA:1090,0
DA:1091,0
DA:1092,0
DA:1104,127
DA:1108,127
DA:1109,127
DA:1110,127
DA:1127,4
DA:1133,4
DA:1135,3
DA:1136,3
DA:1147,2
DA:1149,2
DA:1150,4
DA:1153,2
DA:1154,2
DA:1161,2
DA:1163,2
DA:1164,4
DA:1167,1
DA:1168,1
DA:1171,4
DA:1172,4
DA:1174,3
DA:1176,3
DA:1177,3
DA:1178,6
DA:1179,3
DA:1180,15
DA:1181,9
DA:1182,6
DA:1183,6
DA:1184,6
DA:1185,9
DA:1187,3
DA:1189,0
DA:1204,18
DA:1207,18
DA:1209,18
DA:1210,18
DA:1217,0
DA:1219,10
DA:1220,20
DA:1223,0
DA:1224,0
DA:1231,0
DA:1233,10
DA:1234,20
DA:1237,0
DA:1238,0
DA:1241,18
DA:1242,18
DA:1244,18
DA:1246,18
DA:1247,18
DA:1248,36
DA:1249,54
DA:1250,54
DA:1251,36
DA:1252,36
DA:1253,54
DA:1255,18
DA:1257,0
DA:1289,957
DA:1298,166
DA:1299,170
DA:1307,166
DA:1308,170
DA:1322,64
DA:1341,2
DA:1342,2
DA:1355,949
DA:1370,146
DA:1372,584
DA:1375,122
DA:1377,244
DA:1381,366
DA:1382,363
DA:1387,259
DA:1393,259
DA:1396,8
DA:1398,176
DA:1399,352
DA:1402,139
DA:1403,139
DA:1404,139
DA:1406,375
DA:1407,125
DA:1408,66
DA:1410,139
DA:1411,250
DA:1412,250
DA:1416,259
DA:1418,259
DA:1419,591
DA:1422,258
DA:1424,590
DA:1425,258
DA:1428,67
DA:1429,67
DA:1430,67
DA:1431,67
DA:1437,518
DA:1438,191
DA:1439,382
DA:1440,14
DA:1441,14
DA:1446,259
DA:1448,366
DA:1449,259
DA:1450,518
DA:1451,259
DA:1455,258
DA:1456,1063
DA:1459,230
DA:1461,230
DA:1462,230
DA:1464,99
DA:1465,36
DA:1466,1
DA:1467,313
DA:1473,3
DA:1475,6
DA:1476,6
DA:1477,6
DA:1480,3
DA:1481,3
DA:1484,3
DA:1485,3
DA:1486,6
DA:1496,3
DA:1498,3
DA:1501,257
DA:1503,259
DA:1504,257
DA:1505,257
DA:1522,89
DA:1528,82
DA:1529,164
DA:1531,38
DA:1533,38
DA:1534,1
DA:1535,1
DA:1536,2
DA:1540,38
DA:1543,89
DA:1545,89
DA:1546,178
DA:1547,82
DA:1548,164
DA:1549,82
DA:1551,82
DA:1553,82
DA:1554,82
DA:1557,34
DA:1558,17
DA:1561,1
DA:1565,2
DA:1567,4
DA:1568,2
DA:1569,2
DA:1570,4
DA:1571,10
DA:1572,28
DA:1576,2
DA:1595,17
DA:1610,4
DA:1612,8
DA:1613,16
DA:1616,2
DA:1617,2
DA:1621,26
DA:1623,8
DA:1624,16
DA:1627,2
DA:1628,2
DA:1631,13
DA:1632,78
DA:1634,9
DA:1636,9
DA:1637,0
DA:1638,0
DA:1639,0
DA:1643,9
DA:1646,16
DA:1648,16
DA:1649,32
DA:1650,13
DA:1651,26
DA:1652,13
DA:1654,26
DA:1655,13
DA:1657,13
DA:1658,13
DA:1661,10
DA:1662,5
DA:1665,1
DA:1669,2
DA:1671,4
DA:1672,2
DA:1673,2
DA:1674,4
DA:1675,10
DA:1676,26
DA:1680,2
DA:1697,2
DA:1706,2
DA:1707,4
DA:1708,2
DA:1709,8
DA:1711,2
DA:1714,2
DA:1715,4
DA:1717,1
DA:1719,1
DA:1720,1
DA:1721,2
DA:1723,1
DA:1724,6
DA:1725,6
DA:1728,2
DA:1731,1
DA:1734,2
DA:1736,2
DA:1737,4
DA:1738,2
DA:1739,4
DA:1740,2
DA:1742,2
DA:1743,4
DA:1745,2
DA:1746,2
DA:1749,2
DA:1750,1
DA:1753,1
DA:1757,1
DA:1759,2
DA:1760,1
DA:1761,1
DA:1762,2
DA:1763,6
DA:1764,17
DA:1768,1
DA:1793,56
DA:1799,1
DA:1800,4
DA:1802,19
DA:1804,19
DA:1805,19
DA:1806,19
DA:1807,38
DA:1811,19
DA:1814,55
DA:1816,55
DA:1817,110
DA:1818,22
DA:1819,44
DA:1820,22
DA:1822,44
DA:1823,22
DA:1825,22
DA:1826,22
DA:1829,76
DA:1830,38
DA:1833,1
DA:1837,1
DA:1839,2
DA:1840,1
DA:1841,1
DA:1842,2
DA:1843,5
DA:1844,3
DA:1848,1
DA:1859,230
DA:1866,460
DA:1877,460
DA:1879,166
DA:1880,332
DA:1881,332
DA:1884,24
DA:1885,24
DA:1886,48
DA:1887,0
DA:1889,24
DA:1893,382
DA:1895,165
DA:1896,330
DA:1899,9
DA:1900,9
DA:1904,460
DA:1906,165
DA:1907,330
DA:1910,26
DA:1911,26
DA:1914,230
DA:1916,230
DA:1917,460
DA:1920,1
DA:1922,1
DA:1923,3
DA:1924,3
DA:1925,3
DA:1929,12
DA:1943,218
DA:1951,436
DA:1959,266
DA:1961,132
DA:1962,264
DA:1965,0
DA:1966,0
DA:1977,436
DA:1979,132
DA:1980,264
DA:1983,0
DA:1984,0
DA:1987,218
DA:1989,218
DA:1990,436
DA:1991,218
DA:1992,218
DA:1993,436
DA:1994,0
DA:1995,0
DA:1999,154
DA:2001,154
DA:2002,0
DA:2003,0
DA:2004,0
DA:2008,154
DA:2011,218
DA:2013,218
DA:2014,2
DA:2018,218
DA:2019,436
DA:2020,218
DA:2021,436
DA:2023,436
DA:2025,432
DA:2026,120
DA:2028,60
DA:2029,120
DA:2030,60
DA:2031,180
DA:2037,218
DA:2039,218
DA:2040,436
DA:2045,3
DA:2046,3
DA:2047,3
DA:2049,3
DA:2051,3
DA:2052,3
DA:2053,9
DA:2056,436
DA:2058,218
DA:2060,654
DA:2063,436
DA:2064,218
DA:2066,436
DA:2067,218
DA:2068,218
DA:2074,5
DA:2076,218
DA:2078,218
DA:2079,218
DA:2082,436
DA:2083,222
DA:2085,218
DA:2088,1
DA:2090,1
DA:2091,3
DA:2092,3
DA:2111,140
DA:2118,280
DA:2120,0
DA:2121,0
DA:2123,94
DA:2125,94
DA:2126,94
DA:2127,94
DA:2128,188
DA:2132,94
DA:2135,139
DA:2137,139
DA:2138,3
DA:2142,138
DA:2143,276
DA:2144,276
DA:2146,276
DA:2148,272
DA:2149,200
DA:2151,100
DA:2152,200
DA:2153,100
DA:2154,300
DA:2160,138
DA:2162,138
DA:2163,276
DA:2168,1
DA:2169,1
DA:2170,1
DA:2172,1
DA:2174,1
DA:2175,1
DA:2176,3
DA:2179,276
DA:2181,138
DA:2183,414
DA:2186,276
DA:2187,138
DA:2189,276
DA:2190,138
DA:2191,138
DA:2197,15
DA:2199,138
DA:2201,138
DA:2202,138
DA:2205,276
DA:2206,166
DA:2208,138
DA:2211,1
DA:2213,1
DA:2214,3
DA:2236,190
DA:2244,190
DA:2251,362
DA:2253,96
DA:2254,192
DA:2257,106
DA:2258,53
DA:2259,53
DA:2260,53
DA:2264,362
DA:2266,96
DA:2267,192
DA:2270,1
DA:2271,1
DA:2280,364
DA:2282,96
DA:2283,192
DA:2286,4
DA:2287,4
DA:2290,189
DA:2292,369
DA:2293,189
DA:2294,189
DA:2300,189
DA:2303,19
DA:2305,95
DA:2308,181
DA:2310,724
DA:2311,543
DA:2312,362
DA:2314,360
DA:2315,360
DA:2317,180
DA:2318,540
DA:2319,360
DA:2320,540
DA:2321,2
DA:2322,4
DA:2323,2
DA:2325,2
DA:2328,2
DA:2329,2
DA:2333,180
DA:2334,360
DA:2335,26
DA:2338,181
DA:2339,362
DA:2340,18
DA:2341,12
DA:2342,1
DA:2347,4
DA:2349,4
DA:2350,12
DA:2351,12
DA:2360,211
DA:2368,211
DA:2369,211
DA:2370,211
DA:2371,211
DA:2372,211
DA:2373,211
DA:2381,2
DA:2383,211
DA:2384,422
DA:2387,1
DA:2388,1
DA:2389,1
DA:2403,410
DA:2405,211
DA:2406,422
DA:2409,202
DA:2410,202
DA:2411,202
DA:2418,390
DA:2420,211
DA:2421,422
DA:2424,198
DA:2425,198
DA:2426,198
DA:2429,211
DA:2430,421
DA:2447,211
DA:2448,422
DA:2451,422
DA:2452,211
DA:2453,211
DA:2459,408
DA:2461,211
DA:2462,422
DA:2465,2
DA:2466,2
DA:2467,4
DA:2468,2
DA:2470,2
DA:2474,0
DA:2475,0
DA:2476,0
DA:2477,0
DA:2481,0
DA:2482,0
DA:2483,0
DA:2484,0
DA:2488,0
DA:2489,0
DA:2490,0
DA:2491,0
DA:2495,0
DA:2496,0
DA:2497,0
DA:2498,0
DA:2502,0
DA:2503,0
DA:2504,0
DA:2505,0
DA:2509,0
DA:2510,0
DA:2511,0
DA:2512,0
DA:2515,205
DA:2516,595
DA:2517,205
DA:2518,31
DA:2520,195
DA:2521,195
DA:2522,5
DA:2526,390
DA:2527,585
DA:2529,390
DA:2531,975
DA:2533,195
DA:2534,7
DA:2539,54
DA:2545,54
DA:2548,54
DA:2550,162
DA:2551,54
DA:2552,108
DA:2554,54
DA:2555,54
DA:2560,204
DA:2562,204
DA:2563,204
DA:2564,204
DA:2565,204
DA:2569,195
DA:2570,278
DA:2571,153
DA:2574,166
DA:2575,83
DA:2579,177
DA:2582,148
DA:2583,74
DA:2586,6
DA:2587,12
DA:2588,2
DA:2589,2
DA:2590,2
DA:2592,4
DA:2593,1
DA:2594,1
DA:2596,4
DA:2598,4
DA:2599,4
DA:2600,6
DA:2602,2
DA:2607,68
DA:2609,136
DA:2612,1
DA:2614,1
DA:2615,3
DA:2616,3
DA:2617,3
DA:2618,3
DA:2619,3
DA:2628,10
DA:2638,10
DA:2642,7
DA:2643,7
DA:2646,28
DA:2649,1
DA:2650,1
DA:2651,1
DA:2654,1
DA:2656,1
DA:2658,1
DA:2659,0
DA:2660,0
DA:2661,0
DA:2662,0
DA:2663,0
DA:2669,20
DA:2671,3
DA:2672,6
DA:2675,1
DA:2676,1
DA:2677,2
DA:2678,1
DA:2680,0
DA:2681,0
DA:2693,14
DA:2695,3
DA:2696,6
DA:2699,1
DA:2700,1
DA:2701,1
DA:2708,14
DA:2710,3
DA:2711,6
DA:2714,1
DA:2715,1
DA:2716,1
DA:2721,10
DA:2723,10
DA:2724,20
DA:2731,20
DA:2732,40
DA:2736,10
DA:2738,4
DA:2739,4
DA:2744,8
DA:2745,8
DA:2746,2
DA:2747,2
DA:2748,2
DA:2749,7
DA:2750,3
DA:2751,2
DA:2752,2
DA:2753,2
DA:2754,2
DA:2755,7
DA:2758,1
DA:2762,10
DA:2764,10
DA:2765,20
DA:2766,10
DA:2767,10
DA:2768,4
DA:2769,6
DA:2770,6
DA:2772,9
DA:2773,3
DA:2774,2
DA:2775,2
DA:2776,2
DA:2777,2
DA:2778,45
DA:2781,10
DA:2783,3
DA:2793,6
DA:2795,3
DA:2796,6
DA:2797,1
DA:2798,1
DA:2799,1
DA:2803,10
DA:2804,10
DA:2805,10
DA:2808,7
DA:2809,7
DA:2813,7
DA:2814,1
DA:2815,2
DA:2817,7
DA:2818,14
DA:2819,21
DA:2820,35
DA:2821,35
DA:2822,28
DA:2823,35
DA:2824,49
DA:2825,21
DA:2826,28
DA:2827,7
DA:2828,35
DA:2829,35
DA:2833,7
DA:2834,14
DA:2836,7
DA:2837,7
DA:2839,7
DA:2841,15
DA:2844,10
DA:2849,10
DA:2851,57
DA:2854,7
DA:2855,7
DA:2856,13
DA:2857,4
DA:2858,2
DA:2860,4
DA:2861,2
DA:2862,6
DA:2863,2
DA:2866,14
DA:2870,4
DA:2872,20
DA:2875,3
DA:2876,3
DA:2877,3
DA:2879,3
DA:2880,3
DA:2885,8
DA:2887,24
DA:2888,30
DA:2891,8
DA:2893,8
DA:2894,4
DA:2896,4
DA:2897,8
DA:2901,0
DA:2903,0
DA:2904,0
DA:2905,0
DA:2906,0
DA:2923,119
DA:2928,119
DA:2934,234
DA:2936,64
DA:2937,128
DA:2940,34
DA:2941,34
DA:2942,34
DA:2945,75
DA:2951,75
DA:2962,75
DA:2964,150
DA:2965,75
DA:2966,75
DA:2967,825
DA:2970,75
DA:2971,75
DA:2976,117
DA:2978,234
DA:2979,117
DA:2980,234
DA:2981,819
DA:2982,819
DA:2987,109
DA:2989,109
DA:2990,545
DA:2991,545
DA:2995,1
DA:2997,1
DA:2998,3
DA:2999,3
DA:3059,397
DA:3104,133
DA:3106,133
DA:3109,272
DA:3111,272
DA:3112,272
DA:3113,534
DA:3115,270
DA:3116,134
DA:3118,267
DA:3119,434
DA:3121,67
DA:3122,60
DA:3124,18
DA:3125,14
DA:3127,10
DA:3128,4
DA:3130,10
DA:3131,2
DA:3133,10
DA:3134,2
DA:3136,9
DA:3137,18
DA:3141,3
DA:3143,3
DA:3144,6
DA:3146,3
DA:3147,3
DA:3148,3
DA:3149,3
DA:3150,3
DA:3151,3
DA:3152,3
DA:3153,3
DA:3154,3
DA:3155,3
DA:3186,310
DA:3198,310
DA:3200,189
DA:3202,378
DA:3205,188
DA:3207,188
DA:3208,222
DA:3209,18
DA:3227,4
DA:3229,236
DA:3230,472
DA:3231,2
DA:3233,2
DA:3240,0
DA:3241,235
DA:3243,470
DA:3244,1
DA:3246,1
DA:3262,72
DA:3263,72
DA:3265,235
DA:3266,470
DA:3267,42
DA:3270,42
DA:3274,72
DA:3275,72
DA:3278,309
DA:3280,309
DA:3281,309
DA:3284,308
DA:3289,308
DA:3290,308
DA:3293,4
DA:3295,4
DA:3298,2
DA:3300,2
DA:3301,4
DA:3303,2
DA:3304,2
DA:3305,2
DA:3306,2
DA:3310,6
DA:3311,6
DA:3312,6
DA:3343,774
DA:3345,387
DA:3407,3
DA:3408,6
DA:3409,3
DA:3410,9
DA:3473,2
DA:3474,4
DA:3475,2
DA:3476,6
DA:3490,10
DA:3506,10
DA:3513,0
DA:3514,0
DA:3515,0
DA:3516,0
DA:3518,0
DA:3521,385
DA:3523,770
DA:3525,770
DA:3527,606
DA:3530,385
DA:3533,5
DA:3535,5
DA:3537,10
DA:3539,20
DA:3540,0
DA:3542,25
DA:3544,20
DA:3546,0
DA:3548,0
DA:3550,0
DA:3552,0
DA:3554,0
DA:3559,25
DA:3560,10
DA:3563,5
DA:3565,0
DA:3590,364
DA:3596,364
DA:3602,662
DA:3604,291
DA:3605,582
DA:3608,157
DA:3609,274
DA:3610,157
DA:3619,726
DA:3621,258
DA:3622,516
DA:3625,1
DA:3626,1
DA:3627,2
DA:3628,1
DA:3632,1022
DA:3634,235
DA:3636,469
DA:3642,363
DA:3644,726
DA:3645,726
DA:3649,2
DA:3651,2
DA:3652,6
DA:3653,2
DA:3654,2
DA:3656,2
DA:3657,4
DA:3668,298
DA:3672,298
DA:3681,596
DA:3683,177
DA:3684,354
DA:3687,43
DA:3688,43
DA:3691,297
DA:3693,297
DA:3696,295
DA:3699,297
DA:3701,297
DA:3704,295
DA:3707,297
DA:3709,297
DA:3712,295
DA:3715,297
DA:3717,297
DA:3720,295
DA:3723,0
DA:3725,0
DA:3728,0
DA:3731,297
DA:3732,297
DA:3734,297
DA:3736,297
DA:3737,47
DA:3739,295
DA:3742,47
DA:3744,47
DA:3745,47
DA:3748,297
DA:3750,297
DA:3751,139
DA:3753,295
DA:3757,195
DA:3759,390
DA:3762,5
DA:3764,15
DA:3765,5
DA:3768,297
DA:3770,297
DA:3773,295
DA:3776,295
DA:3778,295
DA:3781,294
DA:3784,1
DA:3786,1
DA:3787,3
DA:3790,1
DA:3792,1
DA:3793,0
DA:3795,1
DA:3796,2
DA:3798,1
DA:3820,295
DA:3826,295
DA:3833,588
DA:3835,179
DA:3836,358
DA:3839,66
DA:3840,66
DA:3841,66
DA:3850,588
DA:3852,179
DA:3853,358
DA:3856,0
DA:3857,0
DA:3858,0
DA:3859,0
DA:3863,882
DA:3865,195
DA:3867,195
DA:3868,8
DA:3869,194
DA:3872,294
DA:3874,588
DA:3875,588
DA:3879,1
DA:3881,1
DA:3882,3
DA:3883,1
DA:3884,1
DA:3886,1
DA:3887,3
DA:3903,2
DA:3912,0
DA:3914,0
DA:3915,0
DA:3925,385
DA:3951,520
DA:3953,191
DA:3954,382
DA:3957,191
DA:3958,191
DA:3962,770
DA:3964,384
DA:3965,768
DA:3968,140
DA:3969,140
DA:3970,140
DA:3971,140
DA:3976,770
DA:3978,384
DA:3979,768
DA:3982,7
DA:3983,7
DA:3984,7
DA:3985,7
DA:3990,770
DA:3992,384
DA:3993,768
DA:3996,94
DA:3997,94
DA:3998,94
DA:3999,94
DA:4004,770
DA:4006,384
DA:4007,768
DA:4010,203
DA:4011,203
DA:4012,203
DA:4013,203
DA:4024,385
DA:4026,385
DA:4028,526
DA:4029,282
DA:4031,392
DA:4032,14
DA:4034,385
DA:4035,95
DA:4036,180
DA:4038,95
DA:4039,188
DA:4042,385
DA:4043,203
DA:4044,348
DA:4046,203
DA:4047,320
DA:4052,260
DA:4053,612
DA:4056,1
DA:4057,1
DA:4058,5
DA:4059,3
DA:4060,1
DA:4061,3
DA:4066,1
DA:4067,1
DA:4068,4
DA:4069,3
DA:4070,1
DA:4071,3
DA:4076,2
DA:4077,2
DA:4078,10
DA:4079,6
DA:4080,2
DA:4081,6
DA:4086,2
DA:4087,2
DA:4088,8
DA:4089,6
DA:4090,2
DA:4091,6
DA:4096,2
DA:4098,2
DA:4099,2
DA:4100,2
DA:4101,2
DA:4102,2
DA:4103,4
DA:4105,2
DA:4106,0
DA:4108,4
DA:4119,408
DA:4131,408
DA:4132,816
DA:4136,816
DA:4138,320
DA:4139,640
DA:4142,320
DA:4143,640
DA:4144,320
DA:4154,816
DA:4156,319
DA:4157,638
DA:4160,1
DA:4161,1
DA:4177,816
DA:4179,319
DA:4180,638
DA:4183,1
DA:4184,1
DA:4193,814
DA:4195,319
DA:4196,638
DA:4199,0
DA:4200,0
DA:4203,408
DA:4204,816
DA:4205,816
DA:4206,816
DA:4207,816
DA:4208,816
DA:4211,408
DA:4212,408
DA:4213,622
DA:4216,408
DA:4217,408
DA:4218,422
DA:4221,408
DA:4223,408
DA:4224,408
DA:4226,10
DA:4229,408
DA:4231,816
DA:4232,408
DA:4234,10
DA:4237,408
DA:4238,408
DA:4239,424
DA:4256,816
DA:4258,320
DA:4259,640
DA:4262,12
DA:4263,12
DA:4266,407
DA:4268,407
DA:4271,407
DA:4274,408
DA:4276,408
DA:4277,816
DA:4278,816
DA:4280,2330
DA:4284,1236
DA:4288,816
DA:4289,477
DA:4291,816
DA:4292,87
DA:4294,816
DA:4295,18
DA:4297,816
DA:4298,18
DA:4300,816
DA:4301,192
DA:4303,816
DA:4304,471
DA:4306,816
DA:4307,3
DA:4309,816
DA:4310,21
DA:4312,816
DA:4313,3
DA:4315,816
DA:4316,129
DA:4318,816
DA:4319,3
DA:4321,816
DA:4322,3
DA:4324,816
DA:4325,936
DA:4327,816
DA:4328,936
DA:4330,816
DA:4331,42
DA:4333,816
DA:4334,3
DA:4336,816
DA:4337,3
DA:4339,816
DA:4340,3
DA:4342,816
DA:4343,24
DA:4345,408
DA:4346,214
DA:4348,408
DA:4349,18
DA:4351,408
DA:4352,10
DA:4354,408
DA:4355,10
DA:4357,408
DA:4358,20
DA:4360,816
DA:4361,150
DA:4363,837
DA:4364,21
DA:4366,816
DA:4367,870
DA:4369,816
DA:4370,171
DA:4372,816
DA:4373,54
DA:4375,816
DA:4376,12
DA:4378,816
DA:4379,117
DA:4381,408
DA:4382,658
DA:4384,816
DA:4385,891
DA:4387,816
DA:4388,30
DA:4393,816
DA:4394,366
DA:4396,816
DA:4397,30
DA:4399,816
DA:4400,78
DA:4402,816
DA:4403,2
DA:4405,816
DA:4406,2
DA:4408,816
DA:4409,2
DA:4411,816
DA:4412,2
DA:4414,816
DA:4415,8
DA:4417,816
DA:4418,10
DA:4420,816
DA:4421,36
DA:4423,816
DA:4424,32
DA:4426,816
DA:4427,32
DA:4429,816
DA:4430,2
DA:4432,816
DA:4433,2
DA:4435,816
DA:4436,0
DA:4438,816
DA:4439,0
DA:4441,816
DA:4442,2
DA:4444,816
DA:4445,2
DA:4447,816
DA:4448,22
DA:4450,816
DA:4451,2
DA:4453,816
DA:4454,6
DA:4458,3
DA:4459,9
DA:4462,2
DA:4463,6
DA:4466,1
DA:4467,3
DA:4470,1
DA:4471,3
DA:4474,1
DA:4475,3
DA:4478,1
DA:4479,3
DA:4482,1
DA:4483,3
DA:4486,2
DA:4487,6
DA:4490,2
DA:4491,6
DA:4494,2
DA:4495,6
DA:4498,2
DA:4499,6
DA:4502,2
DA:4503,6
DA:4506,1
DA:4507,3
DA:4510,1
DA:4511,3
DA:4514,0
DA:4515,0
DA:4518,0
DA:4519,0
DA:4522,1
DA:4523,3
DA:4526,1
DA:4527,3
DA:4530,4
DA:4531,12
DA:4534,1
DA:4535,3
DA:4547,296
DA:4551,296
DA:4555,592
DA:4557,208
DA:4558,416
DA:4561,1
DA:4562,1
DA:4565,296
DA:4567,296
DA:4568,592
DA:4571,0
DA:4573,0
DA:4574,0
DA:4587,84
DA:4589,42
DA:4591,42
DA:4593,42
DA:4594,42
DA:4607,300
DA:4611,300
DA:4614,598
DA:4616,217
DA:4617,434
DA:4620,4
DA:4621,4
DA:4624,299
DA:4626,299
DA:4629,35
DA:4632,0
DA:4634,0
DA:4635,0
DA:4651,140
DA:4655,140
DA:4658,280
DA:4660,62
DA:4661,124
DA:4664,15
DA:4665,15
DA:4668,140
DA:4670,140
DA:4671,280
DA:4674,1
DA:4676,1
DA:4677,3
DA:4691,69
DA:4695,69
DA:4702,138
DA:4704,53
DA:4705,106
DA:4708,2
DA:4709,1
DA:4710,1
DA:4711,3
DA:4713,1
DA:4716,69
DA:4724,69
DA:4726,69
DA:4727,138
DA:4728,207
DA:4731,69
DA:4733,69
DA:4734,207
DA:4736,60
DA:4738,120
DA:4739,60
DA:4741,138
DA:4742,138
DA:4743,207
DA:4745,69
DA:4748,0
DA:4750,0
DA:4751,0
DA:4772,55
DA:4784,55
DA:4788,110
DA:4790,44
DA:4791,88
DA:4794,2
DA:4795,2
DA:4807,110
DA:4809,44
DA:4810,88
DA:4813,0
DA:4814,0
DA:4819,108
DA:4821,44
DA:4822,88
DA:4825,12
DA:4826,12
DA:4843,104
DA:4845,44
DA:4846,88
DA:4849,0
DA:4850,0
DA:4859,46
DA:4861,44
DA:4862,88
DA:4865,0
DA:4866,0
DA:4869,55
DA:4871,55
DA:4872,55
DA:4875,55
DA:4879,55
DA:4880,55
DA:4888,36
DA:4889,83
DA:4892,34
DA:4895,73
DA:4902,32
DA:4905,32
DA:4907,32
DA:4908,32
DA:4910,32
DA:4911,32
DA:4916,54
DA:4918,108
DA:4920,298
DA:4921,0
DA:4923,0
DA:4926,49
DA:4927,184
DA:4928,54
DA:4929,108
DA:4930,54
DA:4931,54
DA:4936,37
DA:4937,74
DA:4938,74
DA:4939,37
DA:4940,37
DA:4942,54
DA:4943,54
DA:4954,108
DA:4955,162
DA:4957,54
DA:4960,21
DA:4962,42
DA:4965,0
DA:4967,0
DA:4968,0
DA:4969,0
DA:4970,0
DA:4971,0
DA:4990,53
DA:4996,53
DA:4999,106
DA:5001,28
DA:5002,56
DA:5005,2
DA:5006,2
DA:5010,106
DA:5012,28
DA:5013,56
DA:5016,0
DA:5017,0
DA:5023,53
DA:5026,53
DA:5027,53
DA:5028,106
DA:5029,53
DA:5031,53
LF:1853
LH:1714
end_of_record
SF:lib/src/rendering/object.dart
DA:48,603
DA:52,20
DA:85,598
DA:109,598
DA:110,1196
DA:111,598
DA:117,598
DA:122,1196
DA:123,1196
DA:125,598
DA:130,598
DA:131,1196
DA:133,402
DA:134,1206
DA:140,402
DA:141,804
DA:143,1194
DA:145,1194
DA:146,597
DA:148,597
DA:149,597
DA:150,597
DA:151,597
DA:156,1791
DA:158,598
DA:160,1794
DA:161,2392
DA:162,1196
DA:163,1282
DA:165,598
DA:167,1196
DA:168,598
DA:172,1794
DA:173,598
DA:187,83
DA:188,249
DA:189,166
DA:190,249
DA:192,166
DA:194,166
DA:195,83
DA:197,83
DA:198,83
DA:199,83
DA:204,249
DA:205,83
DA:216,1
DA:221,2
DA:222,1
DA:228,1
DA:236,592
DA:237,1184
DA:238,1
DA:240,592
DA:242,592
DA:243,400
DA:244,400
DA:247,592
DA:248,182
DA:249,91
DA:250,46
DA:252,592
DA:256,400
DA:257,800
DA:258,800
DA:259,400
DA:262,658
DA:263,400
DA:265,258
DA:266,2
DA:268,516
DA:270,258
DA:271,1032
DA:273,258
DA:275,1600
DA:276,800
DA:277,400
DA:278,400
DA:290,405
DA:292,810
DA:293,405
DA:294,810
DA:297,598
DA:298,598
DA:299,1196
DA:301,583
DA:302,583
DA:303,583
DA:305,598
DA:306,598
DA:307,598
DA:310,598
DA:324,583
DA:326,583
DA:327,583
DA:329,583
DA:330,583
DA:333,583
DA:334,1166
DA:335,1749
DA:336,1166
DA:337,1749
DA:338,1749
DA:353,45
DA:354,90
DA:367,598
DA:370,598
DA:373,1166
DA:375,0
DA:376,0
DA:377,0
DA:378,0
DA:379,0
DA:382,0
DA:383,0
DA:384,0
DA:385,0
DA:386,0
DA:389,583
DA:390,2332
DA:391,583
DA:392,583
DA:393,583
DA:402,27
DA:403,54
DA:412,1
DA:413,2
DA:430,7
DA:431,7
DA:432,7
DA:462,248
DA:465,248
DA:466,193
DA:468,248
DA:469,248
DA:470,398
DA:472,248
DA:473,248
DA:479,248
DA:481,248
DA:521,214
DA:522,214
DA:523,8
DA:526,211
DA:528,182
DA:530,182
DA:531,182
DA:532,182
DA:535,246
DA:559,223
DA:560,223
DA:561,217
DA:564,17
DA:565,17
DA:567,9
DA:569,9
DA:570,9
DA:571,9
DA:574,27
DA:598,153
DA:599,153
DA:600,136
DA:603,59
DA:604,59
DA:606,30
DA:608,30
DA:609,30
DA:610,30
DA:613,123
DA:634,3
DA:635,3
DA:636,3
DA:637,3
DA:656,126
DA:657,378
DA:658,756
DA:660,65
DA:661,65
DA:662,65
DA:666,130
DA:670,85
DA:671,85
DA:672,170
DA:673,85
DA:674,170
DA:697,38
DA:698,38
DA:700,38
DA:701,38
DA:702,38
DA:706,0
DA:707,0
DA:760,25201
DA:789,0
DA:793,0
DA:794,0
DA:827,574
DA:829,574
DA:830,24
DA:845,570
DA:847,570
DA:848,20
DA:850,1140
DA:889,670
DA:926,608
DA:927,1215
DA:933,1340
DA:935,670
DA:936,1340
DA:939,670
DA:940,670
DA:941,1340
DA:967,1242
DA:977,622
DA:980,1244
DA:982,0
DA:983,0
DA:984,0
DA:988,622
DA:989,622
DA:994,1244
DA:995,622
DA:997,622
DA:999,1244
DA:1000,1244
DA:1001,622
DA:1002,1244
DA:1003,1246
DA:1004,1864
DA:1005,622
DA:1006,38
DA:1007,76
DA:1008,20
DA:1012,622
DA:1013,1866
DA:1014,622
DA:1019,620
DA:1022,620
DA:1023,1240
DA:1024,620
DA:1026,620
DA:1028,620
DA:1041,175
DA:1042,175
DA:1044,350
DA:1045,175
DA:1046,175
DA:1048,175
DA:1050,175
DA:1052,175
DA:1053,350
DA:1054,175
DA:1056,175
DA:1065,599
DA:1067,599
DA:1069,1506
DA:1070,1193
DA:1071,1782
DA:1072,594
DA:1075,1198
DA:1077,599
DA:1089,1244
DA:1099,598
DA:1102,1194
DA:1104,0
DA:1105,0
DA:1106,0
DA:1110,597
DA:1111,597
DA:1117,1194
DA:1118,597
DA:1120,597
DA:1121,597
DA:1122,1194
DA:1125,2747
DA:1126,1791
DA:1127,1883
DA:1128,1791
DA:1129,1194
DA:1130,597
DA:1131,597
DA:1133,83
DA:1136,47
DA:1140,1194
DA:1142,1194
DA:1143,597
DA:1145,597
DA:1147,597
DA:1162,1146
DA:1169,1136
DA:1184,574
DA:1185,1148
DA:1186,1148
DA:1187,574
DA:1188,574
DA:1189,1722
DA:1190,1147
DA:1192,574
DA:1195,570
DA:1196,570
DA:1197,1140
DA:1198,1140
DA:1199,1140
DA:1200,570
DA:1201,1140
DA:1219,584
DA:1220,584
DA:1224,573
DA:1226,573
DA:1227,1146
DA:1228,573
DA:1230,573
DA:1232,1146
DA:1233,1513
DA:1234,1146
DA:1235,1146
DA:1236,1719
DA:1237,573
DA:1240,1146
DA:1242,1146
DA:1243,1146
DA:1244,573
DA:1246,573
DA:1248,573
DA:1383,673
DA:1385,1346
DA:1387,673
DA:1391,1970
DA:1392,1346
DA:1410,5
DA:1411,5
DA:1412,5
DA:1413,5
DA:1414,5
DA:1415,9
DA:1416,4
DA:1423,574
DA:1425,1148
DA:1426,574
DA:1428,574
DA:1448,573
DA:1450,1146
DA:1452,1146
DA:1454,1146
DA:1455,1146
DA:1464,573
DA:1466,573
DA:1492,619
DA:1493,619
DA:1494,1238
DA:1495,1238
DA:1503,622
DA:1505,622
DA:1506,622
DA:1507,622
DA:1508,622
DA:1509,622
DA:1510,622
DA:1517,603
DA:1519,603
DA:1520,1206
DA:1521,603
DA:1522,1206
DA:1523,603
DA:1524,603
DA:1525,603
DA:1526,603
DA:1527,603
DA:1533,130
DA:1544,19
DA:1545,38
DA:1549,38
DA:1550,10
DA:1553,5
DA:1554,2
DA:1555,5
DA:1560,5
DA:1569,1236
DA:1576,1232
DA:1583,615
DA:1590,20
DA:1593,40
DA:1597,20
DA:1598,20
DA:1599,40
DA:1602,20
DA:1612,1232
DA:1624,624
DA:1626,1248
DA:1627,624
DA:1628,2
DA:1629,1
DA:1630,1
DA:1638,624
DA:1642,621
DA:1649,350
DA:1650,175
DA:1656,169
DA:1661,23
DA:1662,23
DA:1663,23
DA:1670,1
DA:1671,1
DA:1672,2
DA:1676,2
DA:1677,3
DA:1678,1
DA:1681,1
DA:1686,1
DA:1687,2
DA:1694,1
DA:1695,2
DA:1696,3
DA:1697,1
DA:1698,1
DA:1703,1
DA:1707,3
DA:1708,1
DA:1711,1
DA:1714,2
DA:1716,1
DA:1717,1
DA:1722,1
DA:1723,2
DA:1727,1
DA:1732,1
DA:1737,624
DA:1741,672
DA:1742,672
DA:1744,670
DA:1746,1340
DA:1747,670
DA:1750,1340
DA:1753,1
DA:1754,1
DA:1756,670
DA:1757,107
DA:1758,107
DA:1760,2010
DA:1763,23
DA:1764,23
DA:1766,2010
DA:1769,304
DA:1770,304
DA:1782,597
DA:1784,1194
DA:1785,597
DA:1787,597
DA:1795,1228
DA:1802,617
DA:1804,617
DA:1805,1
DA:1807,617
DA:1829,623
DA:1830,623
DA:1835,1238
DA:1836,996
DA:1837,498
DA:1838,249
DA:1839,302
DA:1843,1857
DA:1885,624
DA:1886,624
DA:1887,624
DA:1888,623
DA:1891,605
DA:1892,48
DA:1893,48
DA:1897,39
DA:1901,1210
DA:1902,286
DA:1904,605
DA:1905,605
DA:1906,1210
DA:1908,0
DA:1911,605
DA:1912,1815
DA:1913,1210
DA:1927,307
DA:1929,307
DA:1930,306
DA:1931,612
DA:1932,306
DA:1933,306
DA:1934,282
DA:1936,160
DA:1938,918
DA:1948,44
DA:1949,44
DA:1950,44
DA:1953,603
DA:1954,1206
DA:1955,210
DA:1956,210
DA:1960,39
DA:1961,78
DA:1964,72
DA:1965,36
DA:1966,72
DA:1967,36
DA:1968,36
DA:1973,198
DA:1974,198
DA:1977,39
DA:1978,39
DA:1987,670
DA:1988,1340
DA:1989,670
DA:1990,1340
DA:1991,2010
DA:1992,670
DA:1993,670
DA:1994,1340
DA:1995,670
DA:1997,670
DA:1998,2010
DA:2001,622
DA:2003,1244
DA:2005,1244
DA:2006,1244
DA:2007,622
DA:2008,1244
DA:2009,622
DA:2010,622
DA:2014,0
DA:2017,622
DA:2019,622
DA:2020,620
DA:2022,1
DA:2024,1240
DA:2026,620
DA:2027,620
DA:2029,620
DA:2030,620
DA:2031,620
DA:2057,617
DA:2059,1234
DA:2062,0
DA:2064,0
DA:2067,0
DA:2068,0
DA:2069,0
DA:2073,1234
DA:2075,0
DA:2076,0
DA:2078,0
DA:2079,0
DA:2080,0
DA:2081,0
DA:2085,0
DA:2086,0
DA:2087,0
DA:2088,0
DA:2090,0
DA:2091,0
DA:2092,0
DA:2099,0
DA:2102,1234
DA:2103,1234
DA:2104,2424
DA:2105,1202
DA:2106,1234
DA:2107,617
DA:2109,617
DA:2111,1333
DA:2112,684
DA:2115,684
DA:2116,684
DA:2119,342
DA:2121,342
DA:2122,342
DA:2124,342
DA:2126,684
DA:2127,48
DA:2128,48
DA:2132,0
DA:2136,617
DA:2137,1263
DA:2141,31
DA:2143,617
DA:2144,1234
DA:2145,1234
DA:2146,1234
DA:2147,617
DA:2149,0
DA:2152,617
DA:2153,617
DA:2154,808
DA:2155,404
DA:2157,404
DA:2159,404
DA:2160,808
DA:2161,404
DA:2163,404
DA:2165,2
DA:2167,808
DA:2168,404
DA:2170,404
DA:2173,1234
DA:2174,617
DA:2178,617
DA:2180,617
DA:2181,616
DA:2182,1232
DA:2183,616
DA:2185,616
DA:2187,14
DA:2189,1232
DA:2191,616
DA:2192,616
DA:2194,616
DA:2195,616
DA:2196,616
DA:2199,0
DA:2209,0
DA:2227,617
DA:2284,175
DA:2286,175
DA:2287,175
DA:2288,350
DA:2289,175
DA:2291,875
DA:2293,175
DA:2303,2
DA:2310,1
DA:2330,624
DA:2337,598
DA:2347,624
DA:2373,598
DA:2374,598
DA:2375,394
DA:2403,593
DA:2405,4146
DA:2406,1186
DA:2409,288
DA:2412,576
DA:2417,576
DA:2429,98
DA:2431,196
DA:2432,196
DA:2434,98
DA:2455,623
DA:2456,1246
DA:2457,623
DA:2460,623
DA:2461,1246
DA:2462,614
DA:2463,614
DA:2467,690
DA:2468,256
DA:2473,623
DA:2474,1866
DA:2486,593
DA:2487,1186
DA:2488,593
DA:2491,594
DA:2492,594
DA:2495,594
DA:2496,594
DA:2497,1187
DA:2498,593
DA:2499,593
DA:2500,404
DA:2503,1184
DA:2504,594
DA:2511,1184
DA:2512,46
DA:2513,46
DA:2514,134
DA:2515,46
DA:2516,46
DA:2517,1188
DA:2518,396
DA:2519,396
DA:2521,594
DA:2539,77
DA:2541,154
DA:2542,77
DA:2544,77
DA:2557,1
DA:2559,2
DA:2560,1
DA:2562,1
DA:2587,623
DA:2588,1246
DA:2589,1867
DA:2590,623
DA:2593,586
DA:2596,1172
DA:2597,1172
DA:2599,0
DA:2602,586
DA:2605,1758
DA:2606,586
DA:2607,1758
DA:2608,1172
DA:2610,964
DA:2611,479
DA:2612,479
DA:2613,1437
DA:2615,690
DA:2617,0
DA:2620,345
DA:2628,345
DA:2629,0
DA:2651,140
DA:2652,280
DA:2653,346
DA:2654,280
DA:2657,102
DA:2660,200
DA:2663,176
DA:2664,88
DA:2665,264
DA:2666,176
DA:2669,83
DA:2678,47
DA:2679,47
DA:2680,47
DA:2681,49
DA:2682,94
DA:2683,188
DA:2684,47
DA:2685,47
DA:2686,47
DA:2687,94
DA:2691,138
DA:2695,19
DA:2697,47
DA:2707,670
DA:2708,1340
DA:2709,670
DA:2710,1340
DA:2711,2010
DA:2712,670
DA:2713,1340
DA:2714,1340
DA:2715,670
DA:2716,2010
DA:2724,13
DA:2725,26
DA:2726,26
DA:2727,13
DA:2728,26
DA:2729,39
DA:2730,13
DA:2731,26
DA:2732,39
DA:2733,26
DA:2734,13
DA:2737,598
DA:2738,1196
DA:2739,1196
DA:2740,598
DA:2741,2
DA:2742,1
DA:2743,1
DA:2747,1
DA:2754,598
DA:2762,598
DA:2767,0
DA:2769,0
DA:2772,0
DA:2773,0
DA:2774,0
DA:2778,1196
DA:2779,598
DA:2780,4
DA:2781,2
DA:2783,3
DA:2784,1
DA:2789,2
DA:2790,1
DA:2794,1
DA:2797,1
DA:2800,1
DA:2805,1
DA:2811,2
DA:2812,1
DA:2816,1
DA:2820,1
DA:2825,1
DA:2831,598
DA:2833,1196
DA:2834,598
DA:2837,2392
DA:2839,598
DA:2840,598
DA:2841,598
DA:2842,1196
DA:2844,598
DA:2845,1196
DA:2846,1196
DA:2848,6
DA:2850,1196
DA:2851,598
DA:2853,598
DA:2855,598
DA:2857,0
DA:2869,597
DA:2888,578
DA:2902,572
DA:2903,1716
DA:2919,112
DA:2920,336
DA:2940,343
DA:2942,343
DA:2944,680
DA:2945,340
DA:2949,343
DA:2950,685
DA:2951,343
DA:2952,686
DA:2955,65
DA:2957,342
DA:2958,1362
DA:2959,1344
DA:2978,572
DA:3005,572
DA:3016,573
DA:3017,1146
DA:3018,573
DA:3019,1146
DA:3020,1719
DA:3021,573
DA:3022,573
DA:3023,1146
DA:3024,1719
DA:3025,1146
DA:3062,670
DA:3075,121
DA:3076,242
DA:3079,363
DA:3080,242
DA:3081,115
DA:3082,115
DA:3083,115
DA:3090,670
DA:3091,670
DA:3092,1340
DA:3093,1340
DA:3095,2754
DA:3099,670
DA:3117,54
DA:3119,54
DA:3130,570
DA:3132,570
DA:3133,570
DA:3134,1140
DA:3135,570
DA:3144,629
DA:3145,1258
DA:3146,2510
DA:3147,1881
DA:3148,628
DA:3157,1686
DA:3160,1148
DA:3161,1148
DA:3162,574
DA:3164,1148
DA:3171,1148
DA:3172,1144
DA:3175,573
DA:3183,573
DA:3184,1146
DA:3185,296
DA:3192,1425
DA:3200,834
DA:3202,574
DA:3203,557
DA:3204,557
DA:3205,2779
DA:3206,1671
DA:3207,1114
DA:3213,573
DA:3214,2290
DA:3215,573
DA:3220,573
DA:3221,1337
DA:3223,1146
DA:3225,573
DA:3226,573
DA:3227,573
DA:3228,1128
DA:3229,1128
DA:3230,1128
DA:3235,3438
DA:3239,573
DA:3242,1149
DA:3244,573
DA:3245,573
DA:3247,1146
DA:3248,573
DA:3249,573
DA:3250,1719
DA:3251,573
DA:3252,573
DA:3253,573
DA:3254,573
DA:3255,1145
DA:3256,1144
DA:3257,572
DA:3260,572
DA:3261,295
DA:3262,295
DA:3263,295
DA:3264,295
DA:3268,1144
DA:3269,572
DA:3270,1144
DA:3271,42
DA:3274,84
DA:3275,84
DA:3277,572
DA:3280,572
DA:3283,574
DA:3284,8
DA:3285,4
DA:3286,8
DA:3288,4
DA:3293,1146
DA:3296,1145
DA:3297,572
DA:3299,42
DA:3300,84
DA:3301,42
DA:3302,168
DA:3304,45
DA:3305,4
DA:3306,16
DA:3311,573
DA:3314,1146
DA:3315,1146
DA:3316,573
DA:3317,1146
DA:3318,573
DA:3319,1146
DA:3320,573
DA:3325,570
DA:3330,572
DA:3331,1144
DA:3332,572
DA:3339,572
DA:3341,302
DA:3344,573
DA:3348,573
DA:3350,1718
DA:3351,572
DA:3352,572
DA:3355,1167
DA:3356,19
DA:3359,468
DA:3360,79
DA:3361,240
DA:3362,17
DA:3363,17
DA:3367,604
DA:3368,32
DA:3380,573
DA:3381,573
DA:3398,252
DA:3403,756
DA:3405,252
DA:3411,282
DA:3436,109
DA:3438,109
DA:3440,109
DA:3441,2
DA:3444,315
DA:3446,83
DA:3447,166
DA:3448,79
DA:3449,79
DA:3451,166
DA:3453,109
DA:3454,19
DA:3456,109
DA:3457,93
DA:3459,109
DA:3460,80
DA:3462,109
DA:3463,74
DA:3469,74
DA:3470,74
DA:3475,19
DA:3481,57
DA:3493,1
DA:3498,3
DA:3501,30
DA:3504,30
DA:3505,90
DA:3506,90
DA:3507,120
DA:3508,90
DA:3510,120
DA:3511,90
DA:3512,60
DA:3514,60
DA:3517,120
DA:3520,6
DA:3521,6
DA:3543,49
DA:3549,98
DA:3550,49
DA:3551,49
DA:3569,15
DA:3570,15
DA:3589,1981
DA:3590,3961
DA:3591,1981
DA:3592,2
DA:3593,2
DA:3594,1
DA:3595,1
DA:3597,1
DA:3603,1
DA:3604,1
DA:3605,2
DA:3606,1
DA:3609,1
DA:3610,2
DA:3611,1
DA:3613,1
DA:3619,1981
DA:3625,4248
DA:3626,2174
DA:3627,2174
DA:3628,1666
DA:3630,2174
DA:3631,2174
DA:3632,4202
DA:3636,2171
DA:3638,2171
DA:3639,2171
DA:3640,412
DA:3644,1473
DA:3646,1473
DA:3647,1473
DA:3648,2908
DA:3652,1502
DA:3654,1502
DA:3655,206
DA:3659,2052
DA:3661,2052
DA:3662,4062
DA:3666,31
DA:3668,124
DA:3685,239
DA:3687,239
DA:3688,239
DA:3689,239
DA:3717,1096
DA:3718,1096
DA:3719,1096
DA:3720,1662
DA:3721,554
DA:3722,554
DA:3724,1096
DA:3726,1096
DA:3727,1096
DA:3728,1096
DA:3729,726
DA:3730,242
DA:3731,242
DA:3733,1096
DA:3738,2860
DA:3746,1347
DA:3747,2692
DA:3748,1347
DA:3749,4
DA:3750,4
DA:3751,2
DA:3752,2
DA:3754,2
DA:3760,2
DA:3761,2
DA:3762,4
DA:3763,2
DA:3766,2
DA:3767,4
DA:3768,2
DA:3770,2
DA:3776,1347
DA:3782,1368
DA:3783,1368
DA:3784,2736
DA:3785,2736
DA:3786,2736
DA:3787,2736
DA:3790,2736
DA:3791,1368
DA:3792,294
DA:3793,147
DA:3795,1368
DA:3796,1368
DA:3798,1090
DA:3799,1090
DA:3800,2180
DA:3801,2180
DA:3802,1090
DA:3803,1090
DA:3805,3270
DA:3806,1090
DA:3807,1090
DA:3808,1090
DA:3812,242
DA:3813,121
DA:3815,242
DA:3816,242
DA:3817,121
DA:3818,121
DA:3819,363
DA:3828,1368
DA:3829,2736
DA:3830,2736
DA:3831,2736
DA:3832,4104
DA:3833,4104
DA:3834,1368
DA:3835,1368
DA:3839,21
DA:3840,42
DA:3844,1831
DA:3845,36
DA:3848,299
DA:3849,299
DA:3850,598
DA:3851,598
DA:3852,598
DA:3853,299
DA:3854,282
DA:3855,282
DA:3857,464
DA:3858,464
DA:3860,299
DA:3861,502
DA:3862,502
DA:3864,440
DA:3865,440
DA:3867,299
DA:3868,299
DA:3869,598
DA:3875,294
DA:3876,294
DA:3877,294
DA:3883,0
DA:3884,0
DA:3886,0
DA:3887,0
DA:3888,0
DA:3889,0
DA:3890,0
DA:3893,0
DA:3894,0
DA:3895,0
DA:3903,125
DA:3904,250
DA:3905,250
DA:3906,250
DA:3907,375
DA:3908,125
DA:3909,250
DA:3912,86
DA:3913,86
DA:3914,86
DA:3917,1999
DA:3919,1999
DA:3920,1999
DA:3922,68
DA:3923,68
DA:3924,68
DA:3928,1993
DA:3930,1993
DA:3931,1993
DA:3933,1362
DA:3934,1362
DA:3935,1362
DA:3939,1992
DA:3941,1992
DA:3943,29
DA:3944,29
DA:3945,29
DA:3949,1979
DA:3951,1979
DA:3953,1352
DA:3954,1352
DA:3955,1352
DA:3960,4002
DA:3963,2024
DA:3966,257
DA:3967,771
DA:3968,257
DA:3969,257
DA:3973,590
DA:3974,1770
DA:3975,590
DA:3976,590
DA:3979,6
DA:3981,6
DA:3982,6
DA:3983,5
DA:3986,15
DA:3987,10
DA:3990,3
DA:3991,3
DA:3992,3
DA:4019,6
DA:4022,6
DA:4026,6
DA:4028,24
DA:4029,0
DA:4030,0
DA:4032,6
DA:4035,6
DA:4036,18
DA:4037,6
DA:4038,6
DA:4040,6
DA:4041,0
DA:4043,6
DA:4044,6
DA:4049,648
DA:4051,648
DA:4055,1296
DA:4056,2592
DA:4059,646
DA:4061,1292
DA:4062,2584
DA:4063,646
DA:4076,573
DA:4103,570
DA:4110,570
DA:4112,1140
DA:4126,573
DA:4129,573
DA:4133,1719
DA:4179,1144
DA:4181,572
DA:4182,572
DA:4187,572
DA:4188,152
DA:4191,152
DA:4192,304
DA:4203,572
DA:4204,1144
DA:4214,573
DA:4219,573
DA:4227,573
DA:4228,573
DA:4229,573
DA:4230,1719
DA:4231,1146
DA:4233,1719
DA:4234,1146
DA:4235,1719
DA:4237,1146
DA:4238,2292
DA:4239,1146
DA:4240,1146
DA:4242,1719
DA:4244,573
DA:4245,1145
DA:4246,1144
DA:4247,572
DA:4256,1146
DA:4257,573
DA:4264,1148
DA:4265,573
DA:4268,573
DA:4273,0
DA:4278,573
DA:4280,1146
DA:4303,572
DA:4320,572
DA:4321,576
DA:4332,8
DA:4333,4
DA:4335,4
DA:4336,8
DA:4338,4
DA:4339,4
DA:4341,2
DA:4345,4
DA:4349,12
DA:4353,1
DA:4355,4
DA:4356,3
DA:4360,0
DA:4363,4
DA:4364,3
DA:4368,0
DA:4371,4
DA:4372,0
DA:4377,4
DA:4378,6
DA:4379,12
DA:4381,8
DA:4383,4
DA:4384,4
DA:4385,4
DA:4386,4
DA:4387,4
DA:4388,8
DA:4389,4
DA:4390,8
DA:4393,4
DA:4394,4
DA:4401,572
DA:4410,572
DA:4411,576
DA:4412,4
DA:4414,572
DA:4415,387
DA:4416,774
DA:4418,387
DA:4424,742
DA:4425,1775
DA:4426,355
DA:4430,355
DA:4431,688
DA:4432,1176
DA:4433,0
DA:4436,1420
DA:4437,355
DA:4443,1065
DA:4451,572
DA:4456,1144
DA:4460,2860
DA:4461,1144
DA:4462,1144
DA:4463,1144
DA:4465,572
DA:4466,572
DA:4467,46
DA:4468,138
DA:4472,572
DA:4474,1144
DA:4475,1144
DA:4476,1144
DA:4477,1144
DA:4478,1144
DA:4479,96
DA:4480,192
DA:4483,572
DA:4484,572
DA:4485,572
DA:4486,572
DA:4490,966
DA:4491,394
DA:4495,394
DA:4496,697
DA:4497,1133
DA:4498,0
DA:4501,394
DA:4502,394
DA:4503,394
DA:4504,394
DA:4509,394
DA:4512,1144
DA:4513,906
DA:4515,1138
DA:4517,572
DA:4519,576
DA:4523,8
DA:4525,8
DA:4526,8
DA:4527,4
DA:4528,1
DA:4529,3
DA:4532,572
DA:4533,572
DA:4536,572
DA:4540,572
DA:4541,1144
DA:4545,572
DA:4547,961
DA:4550,572
DA:4552,966
DA:4553,788
DA:4554,394
DA:4557,387
DA:4558,1161
DA:4562,387
DA:4563,387
DA:4564,1161
DA:4565,387
DA:4571,572
DA:4573,572
DA:4576,2288
DA:4591,572
DA:4596,572
DA:4605,1144
DA:4608,1144
DA:4611,1144
DA:4614,1144
DA:4622,572
DA:4623,1716
DA:4625,1144
DA:4626,572
DA:4627,572
DA:4628,2288
DA:4629,572
DA:4630,1144
DA:4631,572
DA:4633,171
DA:4634,684
DA:4636,2288
DA:4638,1144
DA:4639,1716
DA:4640,2288
DA:4641,2288
DA:4644,572
DA:4645,2355
DA:4646,572
DA:4647,477
DA:4648,516
DA:4649,159
DA:4650,159
DA:4662,1716
DA:4665,572
DA:4669,426
DA:4672,213
DA:4680,572
DA:4686,1144
DA:4687,572
DA:4688,572
DA:4689,0
DA:4690,0
DA:4691,0
DA:4693,572
DA:4694,572
DA:4697,572
DA:4704,41
DA:4710,572
DA:4711,2288
DA:4724,1144
DA:4736,5
DA:4737,5
LF:1438
LH:1361
end_of_record
SF:lib/src/foundation/binding.dart
DA:142,681
DA:143,681
DA:144,1362
DA:145,681
DA:147,681
DA:149,681
DA:150,681
DA:151,681
DA:153,681
DA:154,681
DA:155,681
DA:157,1362
DA:159,681
DA:202,146
DA:223,158
DA:262,681
DA:265,681
DA:266,1362
DA:267,681
DA:269,681
DA:283,680
DA:285,1360
DA:287,2
DA:288,1
DA:289,2
DA:290,1
DA:296,1
DA:300,2
DA:307,0
DA:308,0
DA:309,0
DA:310,0
DA:314,0
DA:320,0
DA:324,0
DA:326,0
DA:330,680
DA:331,0
DA:332,0
DA:333,0
DA:334,0
DA:338,0
DA:345,680
DA:347,0
DA:348,0
DA:349,0
DA:350,0
DA:357,0
DA:358,0
DA:359,0
DA:360,0
DA:361,0
DA:368,680
DA:398,677
DA:420,681
DA:423,681
DA:425,1362
DA:426,681
DA:427,681
DA:428,681
DA:431,681
DA:435,681
DA:436,681
DA:441,681
DA:442,681
DA:443,1
DA:444,1
DA:448,681
DA:449,681
DA:450,1
DA:451,1
DA:457,1362
DA:458,681
DA:459,681
DA:460,1
DA:461,1
DA:462,1
DA:463,1
DA:466,1
DA:469,1
DA:472,1
DA:475,1
DA:478,1
DA:485,1
DA:486,1
DA:487,5
DA:489,1
DA:491,1
DA:492,1
DA:493,1
DA:494,3
DA:499,681
DA:500,681
DA:501,1
DA:502,1
DA:503,0
DA:504,0
DA:507,0
DA:513,0
DA:514,0
DA:515,0
DA:517,0
DA:519,1
DA:520,3
DA:525,681
DA:526,1362
DA:529,681
DA:538,294
DA:539,588
DA:551,12
DA:553,24
DA:555,24
DA:556,12
DA:557,24
DA:558,24
DA:559,12
DA:560,12
DA:561,12
DA:570,12
DA:573,24
DA:594,6
DA:595,12
DA:608,6
DA:611,6
DA:612,6
DA:622,681
DA:627,681
DA:629,1
DA:630,1
DA:631,1
DA:650,670
DA:656,670
DA:658,1
DA:659,1
DA:660,3
DA:661,2
DA:663,2
DA:681,678
DA:687,678
DA:689,1
DA:690,1
DA:691,3
DA:692,3
DA:694,3
DA:710,1
DA:711,1
DA:713,1
DA:714,1
DA:723,524
DA:725,524
DA:740,681
DA:746,681
DA:748,1
DA:749,1
DA:750,2
DA:751,2
DA:753,2
DA:809,680
DA:814,680
DA:815,680
DA:816,0
DA:817,0
DA:819,0
DA:822,0
DA:834,0
DA:835,0
DA:840,0
DA:842,0
DA:845,0
DA:847,0
DA:849,0
DA:850,0
DA:851,0
DA:856,0
DA:857,0
DA:858,0
DA:862,1
DA:863,2
DA:867,0
DA:868,0
DA:879,1
DA:883,0
LF:182
LH:134
end_of_record
SF:lib/src/rendering/view.dart
DA:24,673
DA:36,668
DA:37,2004
DA:40,33
DA:42,99
DA:45,33
DA:46,99
DA:47,36
DA:50,1
DA:51,3
DA:53,3
DA:54,12
DA:68,670
DA:74,670
DA:78,1196
DA:82,1340
DA:89,33
DA:90,66
DA:93,29
DA:94,29
DA:95,116
DA:96,26
DA:98,29
DA:99,29
DA:138,670
DA:139,670
DA:140,670
DA:141,670
DA:142,1340
DA:143,670
DA:148,670
DA:149,2010
DA:150,1340
DA:151,670
DA:152,670
DA:158,0
DA:159,0
DA:161,0
DA:163,0
DA:166,622
DA:168,621
DA:169,1863
DA:170,1242
DA:172,621
DA:173,2460
DA:187,283
DA:188,283
DA:189,849
DA:191,566
DA:201,81
DA:202,81
DA:203,81
DA:207,670
DA:210,597
DA:212,597
DA:213,1182
DA:217,572
DA:219,572
DA:220,1144
DA:221,572
DA:227,592
DA:229,592
DA:232,592
DA:233,1184
DA:234,592
DA:235,592
DA:237,1184
DA:238,592
DA:239,1184
DA:241,0
DA:244,592
DA:247,592
DA:257,572
DA:258,1144
DA:261,592
DA:283,592
DA:285,592
DA:287,1184
DA:290,2368
DA:293,592
DA:295,1184
DA:301,4144
DA:303,1184
DA:306,592
DA:307,592
DA:308,1184
DA:310,71
DA:311,71
DA:312,65
DA:313,65
DA:314,46
DA:328,3
DA:329,3
DA:330,3
DA:331,3
DA:332,3
DA:333,3
DA:334,3
DA:335,3
DA:336,3
DA:338,3
DA:345,102
DA:347,51
DA:348,51
DA:349,51
DA:350,51
DA:351,51
DA:352,48
DA:353,48
DA:354,48
DA:355,48
DA:357,51
DA:360,598
DA:361,2990
DA:363,572
DA:365,572
DA:366,2288
DA:369,3
DA:374,6
DA:375,12
DA:377,3
DA:378,12
DA:379,12
DA:380,9
DA:381,9
DA:382,0
LF:126
LH:120
end_of_record
SF:lib/src/services/hardware_keyboard.dart
DA:57,135
DA:58,90
DA:59,90
DA:60,90
DA:65,180
DA:85,45
DA:191,0
DA:193,0
DA:194,0
DA:195,0
DA:196,0
DA:197,0
DA:198,0
DA:213,45
DA:233,44
DA:256,6
DA:383,1704
DA:395,180
DA:405,160
DA:410,135
DA:421,2
DA:423,45
DA:424,90
DA:429,45
DA:430,180
DA:431,0
DA:433,89
DA:434,135
DA:435,0
DA:437,225
DA:438,0
DA:440,0
DA:442,0
DA:445,45
DA:470,2
DA:471,2
DA:472,0
DA:473,0
DA:475,4
DA:488,2
DA:489,2
DA:490,0
DA:491,0
DA:493,4
DA:497,45
DA:502,90
DA:503,45
DA:505,47
DA:507,2
DA:511,2
DA:512,2
DA:513,1
DA:516,1
DA:517,2
DA:521,1
DA:526,45
DA:527,45
DA:528,0
DA:529,0
DA:536,45
DA:537,45
DA:538,45
DA:539,45
DA:540,45
DA:541,90
DA:542,90
DA:544,4
DA:545,2
DA:547,4
DA:550,45
DA:551,88
DA:552,6
DA:556,45
DA:565,567
DA:567,1134
DA:568,1134
DA:569,1134
DA:570,567
DA:672,45
DA:705,0
DA:707,0
DA:738,676
DA:859,12
DA:860,12
DA:861,12
DA:862,12
DA:863,0
DA:865,12
DA:870,28
DA:873,60
DA:874,12
DA:875,14
DA:883,2
DA:884,2
DA:889,24
DA:895,45
DA:896,45
DA:897,45
DA:899,90
DA:902,4
DA:903,2
DA:904,1
DA:907,2
DA:908,4
DA:912,2
DA:925,45
DA:926,45
DA:927,45
DA:930,135
DA:932,45
DA:935,45
DA:936,90
DA:938,3
DA:940,135
DA:942,44
DA:943,132
DA:944,3
DA:953,90
DA:955,90
DA:956,90
DA:958,90
DA:959,225
DA:960,0
DA:961,0
DA:964,90
DA:965,90
DA:968,45
DA:976,45
DA:977,45
DA:978,45
DA:979,90
DA:980,45
DA:982,90
DA:983,90
DA:984,135
DA:985,45
DA:987,45
DA:993,45
DA:995,10
DA:996,5
DA:1004,88
DA:1008,44
DA:1013,44
DA:1016,138
DA:1017,3
DA:1021,2
DA:1028,6
DA:1030,4
DA:1036,138
DA:1037,9
DA:1039,6
DA:1045,90
DA:1047,90
DA:1053,567
DA:1055,1134
DA:1056,567
DA:1057,1701
DA:1058,1134
DA:1060,567
DA:1063,12
DA:1065,24
DA:1066,0
DA:1068,24
DA:1069,0
DA:1070,12
DA:1071,12
DA:1072,12
DA:1073,12
DA:1077,12
[...]
DA:1048,4
DA:1049,2
DA:1051,2
DA:1052,4
DA:1053,2
DA:1056,4
DA:1057,4
DA:1058,2
DA:1059,4
DA:1060,4
DA:1061,2
DA:1064,2
DA:1066,0
DA:1067,0
DA:1070,2
DA:1071,0
DA:1072,0
DA:1074,4
DA:1076,2
DA:1080,2
DA:1081,2
DA:1082,4
DA:1083,2
DA:1085,2
DA:1086,2
DA:1087,2
DA:1090,2
DA:1091,4
DA:1092,6
DA:1093,4
DA:1096,2
DA:1097,2
DA:1098,4
DA:1123,3
DA:1143,3
DA:1145,3
DA:1146,7
DA:1147,3
DA:1156,2
DA:1158,2
DA:1161,2
DA:1162,2
DA:1163,2
DA:1164,2
DA:1165,2
DA:1167,2
DA:1168,2
DA:1193,2
DA:1200,2
DA:1202,2
DA:1210,2
DA:1221,4
DA:1222,4
DA:1223,4
DA:1224,6
DA:1225,6
DA:1226,2
DA:1227,4
DA:1228,6
DA:1229,8
DA:1230,6
DA:1252,2
DA:1253,4
DA:1256,2
DA:1257,4
DA:1258,2
DA:1261,4
DA:1262,2
DA:1263,2
DA:1266,2
DA:1269,2
DA:1271,6
DA:1272,4
DA:1273,8
DA:1276,2
DA:1278,4
DA:1279,4
DA:1282,0
DA:1284,0
DA:1285,0
DA:1286,0
DA:1289,2
DA:1290,4
DA:1291,2
DA:1292,4
DA:1295,2
DA:1296,4
DA:1297,2
DA:1298,2
DA:1299,2
DA:1300,2
DA:1301,2
DA:1302,10
DA:1303,2
DA:1304,2
DA:1310,2
DA:1311,4
DA:1312,4
DA:1313,2
DA:1317,2
DA:1335,2
DA:1337,13
DA:1338,2
DA:1340,2
DA:1343,4
DA:1344,2
DA:1345,2
DA:1346,2
DA:1347,2
DA:1348,4
DA:1350,10
DA:1352,2
DA:1353,2
DA:1354,2
DA:1355,2
DA:1356,4
DA:1357,4
DA:1368,2
DA:1370,2
DA:1371,1
DA:1372,2
DA:1373,2
DA:1377,2
DA:1379,2
DA:1380,1
DA:1381,2
DA:1382,2
DA:1386,2
DA:1388,2
DA:1389,1
DA:1390,2
DA:1391,2
DA:1395,2
DA:1397,2
DA:1398,2
DA:1399,2
DA:1400,4
DA:1412,4
DA:1418,2
DA:1420,6
DA:1423,2
DA:1424,6
DA:1425,6
DA:1426,6
DA:1429,2
DA:1430,8
LF:442
LH:400
end_of_record
SF:lib/src/widgets/sliver_prototype_extent_list.dart
DA:37,5
DA:88,1
DA:97,2
DA:132,1
DA:139,2
DA:154,5
DA:157,5
DA:160,5
DA:161,5
DA:165,5
DA:167,5
DA:168,5
DA:171,15
DA:173,5
DA:175,10
DA:176,10
DA:177,10
DA:179,5
DA:183,5
DA:185,15
DA:186,5
DA:190,0
DA:192,0
DA:194,0
DA:196,0
DA:200,2
DA:202,6
DA:203,0
DA:205,2
DA:209,5
DA:211,5
DA:212,10
DA:214,5
DA:217,5
DA:219,5
DA:220,30
DA:223,1
DA:225,1
DA:226,2
DA:227,6
DA:232,5
DA:234,5
DA:237,10
DA:238,5
DA:239,5
DA:240,0
DA:242,5
DA:243,5
DA:244,10
DA:246,5
DA:249,5
DA:251,20
DA:252,5
DA:255,5
DA:257,5
DA:258,5
DA:259,0
DA:263,5
DA:265,5
DA:266,5
DA:267,10
DA:271,5
DA:273,5
DA:274,0
DA:276,5
DA:279,5
DA:281,5
DA:282,10
DA:284,5
DA:287,5
DA:289,15
DA:290,33
LF:72
LH:64
end_of_record
SF:lib/src/widgets/safe_area.dart
DA:41,93
DA:90,91
DA:92,91
DA:93,91
DA:95,91
DA:96,3
DA:99,91
DA:100,91
DA:101,442
DA:102,427
DA:103,441
DA:104,390
DA:106,91
DA:108,91
DA:109,91
DA:110,91
DA:111,91
DA:112,91
DA:117,1
DA:119,1
DA:120,3
DA:121,3
DA:122,3
DA:123,3
DA:151,1
DA:185,1
DA:187,1
DA:188,1
DA:189,1
DA:190,1
DA:191,5
DA:192,5
DA:193,5
DA:194,5
DA:196,1
DA:198,1
DA:199,1
DA:200,1
DA:201,1
DA:202,1
DA:207,1
DA:209,1
DA:210,3
DA:211,3
DA:212,3
DA:213,3
LF:46
LH:46
end_of_record
SF:lib/src/widgets/scroll_notification_observer.dart
DA:27,152
DA:34,88
DA:35,264
DA:39,38
DA:78,152
DA:98,45
DA:99,83
DA:114,1
DA:115,1
DA:116,2
DA:118,0
DA:130,1
DA:134,152
DA:135,152
DA:148,152
DA:149,304
DA:150,152
DA:151,0
DA:152,0
DA:153,0
DA:157,152
DA:163,38
DA:164,38
DA:165,114
DA:169,38
DA:170,38
DA:171,114
DA:172,76
DA:173,38
DA:179,65
DA:180,65
DA:181,130
DA:185,50
DA:186,50
DA:188,25
DA:189,50
DA:192,0
DA:196,0
DA:197,0
DA:198,0
DA:199,0
DA:209,152
DA:214,152
DA:215,65
DA:216,130
DA:217,65
DA:218,65
DA:219,65
DA:223,152
DA:224,32
DA:225,32
DA:228,152
DA:230,304
DA:236,152
DA:238,152
DA:239,152
DA:240,152
DA:245,65
LF:58
LH:49
end_of_record
SF:lib/src/widgets/selectable_region.dart
DA:203,4
DA:260,2
DA:265,2
DA:266,2
DA:271,2
DA:273,2
DA:278,2
DA:285,4
DA:286,4
DA:291,8
DA:292,8
DA:293,8
DA:294,8
DA:295,8
DA:296,8
DA:297,8
DA:298,8
DA:299,8
DA:300,8
DA:301,8
DA:313,16
DA:314,9
DA:322,4
DA:324,4
DA:325,16
DA:326,4
DA:327,4
DA:329,12
DA:330,8
DA:331,4
DA:332,8
DA:333,8
DA:338,4
DA:340,4
DA:341,4
DA:342,4
DA:343,3
DA:345,3
DA:346,3
DA:347,3
DA:348,3
DA:353,8
DA:354,4
DA:355,4
DA:358,2
DA:359,1
DA:360,3
DA:364,0
DA:366,0
DA:367,0
DA:368,0
DA:369,0
DA:370,0
DA:371,0
DA:376,4
DA:377,8
DA:380,3
DA:381,9
DA:383,0
DA:385,0
DA:388,0
DA:392,4
DA:394,8
DA:395,4
DA:396,4
DA:397,3
DA:400,2
DA:404,8
DA:405,4
DA:406,4
DA:408,4
DA:409,3
DA:415,4
DA:416,12
DA:417,12
DA:418,4
DA:420,8
DA:421,8
DA:422,8
DA:423,8
DA:424,8
DA:425,4
DA:430,4
DA:431,12
DA:432,8
DA:433,4
DA:435,8
DA:436,8
DA:437,8
DA:438,8
DA:443,3
DA:444,9
DA:445,3
DA:446,3
DA:449,3
DA:450,6
DA:453,3
DA:454,6
DA:457,4
DA:458,23
DA:459,12
DA:460,12
DA:464,3
DA:465,3
DA:466,3
DA:469,3
DA:470,3
DA:471,9
DA:472,6
DA:473,3
DA:474,3
DA:475,3
DA:478,1
DA:479,2
DA:482,2
DA:483,2
DA:484,2
DA:487,0
DA:488,0
DA:489,0
DA:490,0
DA:491,0
DA:492,0
DA:493,0
DA:499,6
DA:507,3
DA:512,6
DA:515,6
DA:516,9
DA:517,1
DA:518,3
DA:519,1
DA:522,1
DA:523,1
DA:529,2
DA:530,6
DA:531,4
DA:532,4
DA:534,0
DA:535,0
DA:536,0
DA:537,0
DA:541,2
DA:542,2
DA:543,2
DA:546,4
DA:547,4
DA:548,4
DA:552,4
DA:560,2
DA:565,4
DA:568,4
DA:569,6
DA:570,1
DA:571,3
DA:572,1
DA:575,1
DA:576,1
DA:582,4
DA:583,4
DA:584,4
DA:592,2
DA:593,6
DA:595,8
DA:596,4
DA:597,4
DA:599,6
DA:600,2
DA:601,6
DA:605,2
DA:606,8
DA:609,18
DA:610,2
DA:612,6
DA:613,2
DA:614,6
DA:618,2
DA:619,6
DA:620,8
DA:621,4
DA:622,4
DA:624,6
DA:625,2
DA:626,6
DA:630,2
DA:631,8
DA:634,18
DA:635,2
DA:637,6
DA:638,2
DA:639,6
DA:643,2
DA:644,6
DA:645,6
DA:646,4
DA:647,2
DA:648,2
DA:649,6
DA:651,2
DA:654,2
DA:657,6
DA:658,6
DA:662,3
DA:663,3
DA:664,3
DA:667,9
DA:668,9
DA:669,6
DA:670,3
DA:671,3
DA:672,3
DA:673,3
DA:674,3
DA:675,3
DA:676,3
DA:677,3
DA:678,3
DA:679,3
DA:680,3
DA:681,3
DA:682,3
DA:683,6
DA:686,3
DA:687,3
DA:688,3
DA:689,6
DA:693,4
DA:694,4
DA:697,2
DA:698,6
DA:699,6
DA:700,2
DA:701,4
DA:702,5
DA:703,4
DA:704,4
DA:705,4
DA:712,3
DA:713,3
DA:714,6
DA:718,1
DA:722,0
DA:723,0
DA:735,3
DA:736,4
DA:748,3
DA:749,3
DA:752,6
DA:753,9
DA:754,4
DA:758,4
DA:760,4
DA:761,2
DA:762,2
DA:763,6
DA:793,3
DA:795,3
DA:798,6
DA:799,3
DA:800,3
DA:828,3
DA:830,9
DA:833,0
DA:834,0
DA:835,0
DA:854,3
DA:856,3
DA:857,9
DA:869,4
DA:870,4
DA:871,4
DA:875,4
DA:876,4
DA:877,4
DA:878,4
DA:879,8
DA:880,4
DA:883,2
DA:884,4
DA:888,6
DA:897,1
DA:898,1
DA:899,0
DA:900,0
DA:903,2
DA:904,1
DA:906,1
DA:907,1
DA:908,1
DA:913,2
DA:914,2
DA:915,2
DA:918,4
DA:919,2
DA:920,6
DA:921,10
DA:923,10
DA:926,10
DA:929,4
DA:932,1
DA:933,1
DA:934,3
DA:937,2
DA:938,1
DA:940,1
DA:948,2
DA:949,6
DA:952,2
DA:954,6
DA:955,3
DA:956,6
DA:957,12
DA:958,4
DA:959,2
DA:960,2
DA:962,2
DA:985,2
DA:986,2
DA:987,4
DA:988,0
DA:989,0
DA:990,0
DA:992,0
DA:993,0
DA:994,0
DA:1000,1
DA:1001,4
DA:1005,1
DA:1006,4
DA:1010,3
DA:1011,9
DA:1012,9
DA:1014,4
DA:1015,3
DA:1016,9
DA:1017,1
DA:1018,1
DA:1019,1
DA:1022,3
DA:1023,3
DA:1024,3
DA:1035,2
DA:1042,2
DA:1049,3
DA:1051,4
DA:1053,4
DA:1057,3
DA:1059,3
DA:1060,6
DA:1061,3
DA:1062,1
DA:1063,1
DA:1065,3
DA:1068,1
DA:1074,1
DA:1075,1
DA:1085,0
DA:1092,0
DA:1098,0
DA:1101,0
DA:1108,0
DA:1114,0
DA:1119,4
DA:1121,4
DA:1122,4
DA:1123,12
DA:1124,16
DA:1127,4
DA:1129,8
DA:1130,12
DA:1131,8
DA:1132,4
DA:1135,4
DA:1137,4
DA:1138,4
DA:1139,8
DA:1142,7
DA:1143,7
DA:1144,4
DA:1145,4
DA:1148,4
DA:1150,4
DA:1151,4
DA:1153,4
DA:1154,8
DA:1157,0
DA:1161,4
DA:1162,4
DA:1163,4
DA:1164,4
DA:1167,4
DA:1168,4
DA:1169,4
DA:1171,8
DA:1188,3
DA:1190,3
DA:1191,2
DA:1193,3
DA:1198,4
DA:1202,3
DA:1204,6
DA:1209,4
DA:1213,2
DA:1215,4
DA:1220,4
DA:1225,1
DA:1227,4
DA:1232,4
DA:1237,1
DA:1239,1
DA:1243,4
DA:1248,4
DA:1252,2
DA:1254,2
DA:1258,6
DA:1269,4
DA:1271,8
DA:1272,8
DA:1273,4
DA:1276,4
DA:1277,12
DA:1278,12
DA:1279,16
DA:1280,24
DA:1281,12
DA:1283,12
DA:1284,12
DA:1285,16
DA:1286,24
DA:1287,12
DA:1291,3
DA:1293,3
DA:1294,6
DA:1295,6
DA:1296,6
DA:1299,3
DA:1305,3
DA:1307,3
DA:1308,9
DA:1309,15
DA:1311,9
DA:1312,15
DA:1314,3
DA:1318,4
DA:1320,4
DA:1321,8
DA:1322,8
DA:1323,4
DA:1324,4
DA:1328,3
DA:1330,6
DA:1331,6
DA:1333,6
DA:1335,3
DA:1338,4
DA:1340,8
DA:1341,8
DA:1342,4
DA:1345,4
DA:1347,4
DA:1348,4
DA:1349,6
DA:1350,3
DA:1352,4
DA:1353,6
DA:1354,3
DA:1356,4
DA:1357,8
DA:1358,8
DA:1360,4
DA:1361,3
DA:1363,2
DA:1364,2
DA:1365,4
DA:1366,4
DA:1367,2
DA:1370,4
DA:1373,3
DA:1375,9
DA:1376,1
DA:1377,1
DA:1379,3
DA:1380,0
DA:1382,1
DA:1384,9
DA:1385,2
DA:1386,2
DA:1388,6
DA:1389,0
DA:1391,2
DA:1395,4
DA:1397,4
DA:1398,0
DA:1399,0
DA:1400,0
DA:1404,4
DA:1405,0
DA:1406,0
DA:1407,0
DA:1411,8
DA:1412,8
DA:1413,8
DA:1414,4
DA:1463,5
DA:1465,15
DA:1466,10
DA:1467,5
DA:1470,5
DA:1472,10
DA:1475,5
DA:1476,5
DA:1480,1
DA:1481,1
DA:1484,5
DA:1485,5
DA:1486,5
DA:1487,15
DA:1488,5
DA:1491,5
DA:1492,5
DA:1497,5
DA:1499,10
DA:1500,5
DA:1502,5
DA:1505,5
DA:1506,20
DA:1507,5
DA:1508,10
DA:1511,5
DA:1512,5
DA:1514,20
DA:1515,10
DA:1516,10
DA:1517,5
DA:1518,2
DA:1519,2
DA:1521,2
DA:1522,2
DA:1524,3
DA:1525,1
DA:1531,5
DA:1532,19
DA:1533,2
DA:1534,0
DA:1536,10
DA:1537,10
DA:1538,5
DA:1540,15
DA:1541,10
DA:1542,20
DA:1543,15
DA:1544,15
DA:1546,35
DA:1547,35
DA:1548,5
DA:1549,5
DA:1550,5
DA:1553,5
DA:1554,10
DA:1555,10
DA:1556,10
DA:1557,10
DA:1558,8
DA:1560,10
DA:1561,8
DA:1563,10
DA:1567,5
DA:1570,5
DA:1573,5
DA:1574,5
DA:1581,5
DA:1582,5
DA:1583,10
DA:1584,5
DA:1585,5
DA:1587,5
DA:1594,5
DA:1595,5
DA:1597,3
DA:1598,3
DA:1599,3
DA:1600,15
DA:1602,3
DA:1603,3
DA:1604,15
DA:1606,3
DA:1607,3
DA:1610,1
DA:1618,3
DA:1619,27
DA:1620,22
DA:1623,15
DA:1624,12
DA:1626,4
DA:1633,1
DA:1634,9
DA:1636,0
DA:1638,9
DA:1642,5
DA:1643,4
DA:1645,0
DA:1648,4
DA:1652,4
DA:1655,1
DA:1659,5
DA:1661,15
DA:1662,12
DA:1663,8
DA:1665,5
DA:1667,10
DA:1671,4
DA:1672,8
DA:1673,4
DA:1674,4
DA:1676,8
DA:1677,4
DA:1678,4
DA:1683,16
DA:1684,12
DA:1685,4
DA:1686,10
DA:1687,0
DA:1688,0
DA:1692,4
DA:1693,12
DA:1694,12
DA:1696,4
DA:1697,4
DA:1699,8
DA:1700,8
DA:1706,16
DA:1707,4
DA:1708,10
DA:1709,0
DA:1710,0
DA:1713,4
DA:1714,12
DA:1715,12
DA:1717,4
DA:1718,4
DA:1720,8
DA:1721,8
DA:1726,4
DA:1729,4
DA:1731,4
DA:1745,4
DA:1746,4
DA:1747,4
DA:1748,10
DA:1749,2
DA:1754,4
DA:1756,10
DA:1759,4
DA:1760,4
DA:1761,4
DA:1770,5
DA:1771,5
DA:1772,5
DA:1774,4
DA:1775,20
DA:1776,4
DA:1777,24
DA:1778,24
DA:1779,4
DA:1780,4
DA:1782,27
DA:1784,5
DA:1785,8
DA:1786,4
DA:1788,5
DA:1789,8
DA:1790,4
DA:1795,20
DA:1796,6
DA:1798,20
DA:1799,6
DA:1802,16
DA:1804,12
DA:1806,8
DA:1807,8
DA:1811,4
DA:1812,8
DA:1813,4
DA:1817,4
DA:1819,4
DA:1820,8
DA:1821,4
DA:1823,4
DA:1826,4
DA:1829,4
DA:1830,8
DA:1831,8
DA:1833,4
DA:1834,4
DA:1839,3
DA:1841,6
DA:1842,3
DA:1844,3
DA:1845,12
DA:1851,3
DA:1853,10
DA:1854,27
DA:1855,9
DA:1856,3
DA:1857,6
DA:1858,9
DA:1859,9
DA:1860,12
DA:1863,3
DA:1864,15
DA:1865,7
DA:1866,6
DA:1875,4
DA:1877,8
DA:1878,4
DA:1880,8
DA:1881,8
DA:1886,1
DA:1888,8
DA:1889,3
DA:1890,0
DA:1891,0
DA:1893,0
DA:1896,2
DA:1897,3
DA:1898,1
DA:1899,2
DA:1900,5
DA:1901,1
DA:1902,3
DA:1903,2
DA:1906,2
DA:1907,2
DA:1908,1
DA:1909,3
DA:1910,2
DA:1913,1
DA:1914,1
DA:1916,0
DA:1922,2
DA:1924,16
DA:1925,6
DA:1926,0
DA:1927,0
DA:1928,0
DA:1929,0
DA:1931,0
DA:1932,0
DA:1933,0
DA:1937,5
DA:1938,6
DA:1939,2
DA:1940,2
DA:1941,6
DA:1942,2
DA:1943,2
DA:1944,2
DA:1945,2
DA:1946,4
DA:1947,2
DA:1949,4
DA:1953,2
DA:1954,6
DA:1955,2
DA:1956,8
DA:1957,2
DA:1958,2
DA:1959,4
DA:1960,2
DA:1962,4
DA:1966,0
DA:1967,0
DA:1968,0
DA:1971,2
DA:1972,2
DA:1974,1
DA:1980,3
DA:1982,6
DA:1983,14
DA:1985,14
DA:1988,4
DA:1990,4
DA:1991,4
DA:1993,12
DA:1995,4
DA:1996,4
DA:1998,4
DA:1999,4
DA:2000,4
DA:2001,3
DA:2002,3
DA:2004,4
DA:2005,4
DA:2006,4
DA:2008,4
DA:2009,3
DA:2010,3
DA:2012,3
DA:2013,3
DA:2014,3
DA:2016,2
DA:2017,1
DA:2018,1
DA:2020,2
DA:2021,2
DA:2022,2
DA:2025,4
DA:2026,4
DA:2030,4
DA:2032,4
DA:2033,0
DA:2035,4
DA:2036,4
DA:2037,4
DA:2054,4
DA:2056,4
DA:2070,3
DA:2071,21
DA:2072,3
DA:2075,12
DA:2076,6
DA:2077,3
DA:2079,3
DA:2080,3
DA:2083,3
DA:2088,3
DA:2090,3
DA:2096,1
DA:2104,6
DA:2105,0
DA:2109,3
DA:2111,3
DA:2125,2
DA:2126,4
DA:2128,12
DA:2131,12
DA:2133,2
DA:2135,4
DA:2147,8
DA:2148,6
DA:2150,2
DA:2151,2
DA:2152,2
DA:2155,2
DA:2156,2
DA:2157,1
DA:2159,8
DA:2163,2
DA:2166,2
DA:2168,2
DA:2170,2
DA:2174,2
DA:2180,2
DA:2182,2
LF:854
LH:782
end_of_record
SF:lib/src/widgets/single_child_scroll_view.dart
DA:141,74
DA:155,58
DA:227,66
DA:228,198
DA:231,66
DA:233,66
DA:234,66
DA:235,66
DA:236,16
DA:238,66
DA:239,166
DA:242,25
DA:243,53
DA:245,66
DA:246,66
DA:249,66
DA:250,66
DA:251,66
DA:252,66
DA:255,66
DA:261,132
DA:262,1
DA:264,1
DA:265,1
DA:266,2
DA:267,1
DA:277,25
DA:283,66
DA:294,66
DA:296,66
DA:297,66
DA:298,66
DA:299,66
DA:303,29
DA:307,58
DA:308,58
DA:309,58
DA:312,66
DA:314,66
DA:319,66
DA:323,66
DA:331,66
DA:334,132
DA:336,29
DA:337,58
DA:340,2
DA:341,2
DA:344,198
DA:346,132
DA:348,29
DA:349,58
DA:352,8
DA:353,24
DA:355,8
DA:356,8
DA:357,24
DA:359,8
DA:365,126
DA:367,29
DA:368,58
DA:369,1
DA:370,1
DA:371,1
DA:375,31
DA:376,31
DA:377,31
DA:380,66
DA:384,132
DA:385,132
DA:389,66
DA:391,66
DA:392,198
DA:395,66
DA:397,198
DA:398,66
DA:401,66
DA:404,66
DA:405,66
DA:406,66
DA:407,66
DA:408,40
DA:409,58
DA:410,116
DA:414,66
DA:415,66
DA:419,66
DA:420,66
DA:421,66
DA:424,66
DA:425,66
DA:426,137
DA:427,58
DA:428,399
DA:432,66
DA:433,66
DA:434,66
DA:435,20
DA:436,58
DA:437,58
DA:441,66
DA:443,66
DA:444,132
DA:449,66
DA:451,66
DA:452,132
DA:457,66
DA:459,66
DA:460,132
DA:465,66
DA:467,66
DA:468,132
DA:478,66
DA:480,66
DA:481,2
DA:483,198
DA:484,66
DA:487,66
DA:489,66
DA:490,66
DA:491,4
DA:493,198
DA:494,264
DA:497,198
DA:498,264
DA:501,252
DA:503,63
DA:504,63
DA:505,63
DA:506,32
DA:507,63
DA:508,110
DA:509,20
DA:510,56
DA:511,20
DA:512,40
DA:516,63
DA:517,63
DA:518,63
DA:519,63
DA:521,63
DA:522,1
DA:523,0
DA:524,126
DA:525,126
DA:526,496
DA:527,480
DA:531,63
DA:533,63
DA:534,63
DA:536,63
DA:537,189
DA:540,63
DA:541,126
DA:542,42
DA:544,84
DA:546,42
DA:547,84
DA:550,74
DA:551,37
DA:558,66
DA:560,132
DA:561,66
DA:564,49
DA:566,49
DA:567,147
DA:570,47
DA:572,94
DA:573,59
DA:578,36
DA:580,36
DA:581,36
DA:582,36
DA:584,36
DA:585,180
DA:586,72
DA:593,11
DA:595,5
DA:596,11
DA:597,0
DA:601,22
DA:602,11
DA:603,22
DA:609,11
DA:610,11
DA:611,4
DA:612,6
DA:613,2
DA:615,11
DA:616,8
DA:617,4
DA:618,4
DA:620,11
DA:621,22
DA:622,11
DA:623,11
DA:625,3
DA:626,6
DA:627,9
DA:628,3
DA:632,33
DA:633,22
DA:634,11
DA:637,8
DA:644,16
DA:645,0
DA:653,8
DA:656,8
DA:661,8
DA:668,0
DA:670,0
DA:671,0
DA:674,47
DA:676,188
DA:677,47
DA:678,47
DA:679,1
DA:680,2
DA:681,3
DA:682,2
DA:683,5
DA:685,47
DA:686,16
DA:687,80
DA:688,32
DA:689,48
DA:690,32
DA:692,41
DA:693,39
DA:694,78
DA:695,195
DA:696,78
DA:697,117
DA:699,5
DA:700,5
DA:701,15
DA:702,10
DA:703,25
DA:704,10
LF:238
LH:232
end_of_record
SF:lib/src/widgets/size_changed_layout_notifier.dart
DA:33,789
DA:58,1
DA:63,1
DA:65,1
DA:66,1
DA:67,1
DA:74,1
DA:77,1
DA:88,1
DA:90,1
DA:93,4
DA:94,2
DA:96,2
LF:13
LH:13
end_of_record
SF:lib/src/widgets/sliver_layout_builder.dart
DA:30,3
DA:35,3
DA:36,3
DA:40,0
DA:42,0
DA:46,3
DA:48,3
DA:49,9
DA:50,9
DA:53,1
DA:55,3
DA:59,3
DA:62,9
DA:63,6
DA:67,1
DA:69,1
DA:70,4
DA:71,2
LF:18
LH:16
end_of_record
SF:lib/src/widgets/spacer.dart
DA:45,2369
DA:46,0
DA:57,7
DA:59,7
DA:60,7
LF:5
LH:4
end_of_record
SF:lib/src/widgets/tap_and_drag_gestures.dart
DA:11,9
DA:12,9
DA:13,27
DA:14,9
DA:73,25
DA:97,0
DA:99,0
DA:100,0
DA:101,0
DA:102,0
DA:103,0
DA:104,0
DA:132,23
DA:156,0
DA:158,0
DA:159,0
DA:160,0
DA:161,0
DA:162,0
DA:163,0
DA:191,5
DA:228,0
DA:230,0
DA:231,0
DA:232,0
DA:233,0
DA:234,0
DA:235,0
DA:236,0
DA:270,5
DA:282,5
DA:283,0
DA:284,0
DA:356,0
DA:358,0
DA:359,0
DA:360,0
DA:361,0
DA:362,0
DA:363,0
DA:364,0
DA:365,0
DA:366,0
DA:367,0
DA:368,0
DA:398,5
DA:404,5
DA:405,15
DA:406,0
DA:433,0
DA:435,0
DA:436,0
DA:437,0
DA:438,0
DA:439,0
DA:474,50
DA:484,58
DA:500,50
DA:509,50
DA:539,31
DA:541,31
DA:542,93
DA:543,6
DA:545,31
DA:546,42
DA:549,4
DA:551,62
DA:553,31
DA:557,31
DA:560,31
DA:562,31
DA:563,45
DA:566,9
DA:567,9
DA:568,9
DA:570,31
DA:571,24
DA:572,24
DA:573,24
DA:574,24
DA:576,31
DA:577,1
DA:581,20
DA:583,20
DA:586,51
DA:588,51
DA:589,51
DA:592,31
DA:593,31
DA:594,93
DA:595,62
DA:596,62
DA:597,124
DA:600,11
DA:601,11
DA:602,22
DA:609,11
DA:610,11
DA:614,22
DA:615,22
DA:618,11
DA:619,11
DA:620,22
DA:621,22
DA:624,24
DA:625,72
DA:628,52
DA:629,52
DA:630,48
DA:631,24
DA:635,52
DA:640,52
DA:641,52
DA:642,52
DA:643,52
DA:644,52
DA:645,52
DA:646,52
DA:647,52
DA:698,52
DA:875,9
DA:876,45
DA:884,4
DA:885,4
DA:886,4
DA:887,20
DA:889,4
DA:890,4
DA:893,31
DA:895,31
DA:896,31
DA:897,31
DA:898,31
DA:899,0
DA:900,0
DA:901,0
DA:902,0
DA:903,0
DA:911,6
DA:916,31
DA:919,31
DA:921,62
DA:922,31
DA:923,62
DA:924,31
DA:925,31
DA:926,124
DA:927,119
DA:931,7
DA:934,14
DA:935,5
DA:936,5
DA:941,23
DA:943,46
DA:947,23
DA:949,69
DA:950,46
DA:953,23
DA:954,46
DA:957,23
DA:959,23
DA:960,6
DA:963,23
DA:964,46
DA:968,31
DA:970,31
DA:971,31
DA:972,1
DA:973,1
DA:976,31
DA:977,31
DA:979,9
DA:983,3
DA:984,6
DA:985,3
DA:988,8
DA:989,8
DA:993,29
DA:994,48
DA:999,5
DA:1002,5
DA:1006,31
DA:1007,31
DA:1008,31
DA:1011,31
DA:1013,93
DA:1016,31
DA:1017,31
DA:1034,63
DA:1036,18
DA:1037,4
DA:1038,18
DA:1039,9
DA:1041,9
DA:1046,9
DA:1047,12
DA:1050,31
DA:1051,48
DA:1054,24
DA:1055,10
DA:1056,10
DA:1058,31
DA:1059,1
DA:1060,2
DA:1064,20
DA:1066,40
DA:1069,20
DA:1071,20
DA:1072,20
DA:1073,20
DA:1074,20
DA:1077,51
DA:1079,51
DA:1080,51
DA:1081,51
DA:1084,0
DA:1087,6
DA:1088,6
DA:1091,5
DA:1092,10
DA:1093,0
DA:1095,5
DA:1096,10
DA:1097,13
DA:1098,20
DA:1099,5
DA:1101,5
DA:1104,10
DA:1105,15
DA:1106,5
DA:1107,5
DA:1111,9
DA:1112,25
DA:1113,27
DA:1115,9
DA:1116,9
DA:1117,27
DA:1118,27
DA:1119,6
DA:1123,25
DA:1124,25
DA:1128,25
DA:1129,25
DA:1130,25
DA:1131,50
DA:1132,25
DA:1133,25
DA:1136,25
DA:1137,100
DA:1140,25
DA:1143,24
DA:1144,24
DA:1148,23
DA:1149,23
DA:1150,23
DA:1151,23
DA:1152,23
DA:1153,23
DA:1156,23
DA:1157,92
DA:1160,23
DA:1161,69
DA:1162,0
DA:1166,5
DA:1167,5
DA:1168,5
DA:1169,5
DA:1170,10
DA:1171,10
DA:1172,10
DA:1173,5
DA:1174,5
DA:1177,20
DA:1180,5
DA:1183,5
DA:1184,19
DA:1185,19
DA:1187,5
DA:1188,5
DA:1189,5
DA:1191,10
DA:1193,15
DA:1194,15
DA:1195,5
DA:1196,5
DA:1199,5
DA:1200,4
DA:1202,16
DA:1204,1
DA:1205,4
DA:1210,5
DA:1211,5
DA:1214,8
DA:1215,4
DA:1219,5
DA:1221,5
DA:1222,5
DA:1225,20
DA:1227,5
DA:1228,5
DA:1231,8
DA:1232,8
DA:1236,2
DA:1237,4
DA:1239,2
DA:1240,2
DA:1243,13
DA:1244,13
DA:1247,13
DA:1248,13
DA:1249,26
DA:1251,26
DA:1255,7
DA:1260,20
DA:1261,20
DA:1264,40
DA:1265,20
DA:1269,31
DA:1270,31
DA:1271,31
DA:1272,31
DA:1275,52
DA:1276,52
DA:1279,51
DA:1280,51
DA:1281,2
DA:1282,1
DA:1286,52
DA:1287,52
DA:1288,62
DA:1289,31
LF:331
LH:280
end_of_record
SF:lib/src/widgets/text_selection_toolbar_layout_delegate.dart
DA:19,18
DA:46,20
DA:48,60
DA:53,42
DA:54,3
DA:58,28
DA:61,18
DA:63,18
DA:66,18
DA:68,22
DA:69,28
DA:71,18
DA:72,18
DA:73,18
DA:74,18
DA:75,18
DA:78,46
DA:79,16
DA:83,10
DA:85,30
DA:86,21
DA:87,15
LF:22
LH:22
end_of_record
SF:lib/src/widgets/texture.dart
DA:38,1
DA:61,1
DA:62,4
DA:64,0
DA:66,0
DA:67,0
DA:68,0
LF:7
LH:3
end_of_record
SF:lib/src/widgets/tween_animation_builder.dart
DA:103,2
DA:165,2
DA:167,2
DA:174,2
DA:176,6
DA:177,6
DA:178,2
DA:179,10
DA:180,4
DA:184,2
DA:187,6
DA:190,12
DA:191,0
DA:192,0
DA:196,2
DA:198,16
LF:16
LH:14
end_of_record
SF:lib/src/widgets/unique_widget.dart
DA:25,1
DA:27,1
DA:35,1
DA:36,1
DA:37,1
LF:5
LH:5
end_of_record
SF:lib/src/widgets/visibility.dart
DA:55,7
DA:66,13
DA:70,14
DA:74,14
DA:78,14
DA:90,5
DA:227,11
DA:229,11
DA:230,10
DA:231,10
DA:232,5
DA:233,5
DA:234,10
DA:235,5
DA:238,10
DA:239,10
DA:240,10
DA:244,4
DA:245,4
DA:246,4
DA:247,2
DA:248,2
DA:249,2
DA:250,6
DA:252,2
DA:253,2
DA:257,2
DA:258,2
DA:259,3
DA:262,0
DA:264,0
DA:265,0
DA:266,0
DA:267,0
DA:268,0
DA:269,0
DA:270,0
DA:313,2
DA:324,3
DA:328,3
DA:332,3
DA:336,3
DA:348,0
DA:475,2
DA:477,2
DA:478,2
DA:479,2
DA:480,2
DA:481,2
DA:482,2
DA:483,3
DA:486,2
DA:487,2
DA:488,2
DA:492,2
DA:493,2
DA:494,2
DA:495,1
DA:496,1
DA:497,1
DA:498,3
DA:500,1
DA:502,1
DA:505,2
DA:506,2
DA:507,3
DA:510,0
DA:512,0
DA:513,0
DA:514,0
DA:515,0
DA:516,0
DA:517,0
DA:518,0
DA:529,10
DA:534,10
DA:536,30
DA:539,6
DA:542,12
DA:543,12
DA:548,10
DA:550,20
DA:552,6
DA:553,12
DA:556,2
DA:557,2
DA:560,20
DA:562,6
DA:563,12
DA:566,1
DA:567,1
DA:570,10
DA:572,15
DA:573,6
DA:577,10
DA:579,10
DA:582,2
DA:593,2
DA:594,2
DA:599,2
DA:601,6
DA:604,1
DA:607,2
DA:608,2
DA:613,2
DA:615,4
DA:617,1
DA:618,2
DA:621,1
DA:622,1
DA:625,4
DA:627,1
DA:628,2
DA:631,1
DA:632,1
DA:635,2
DA:637,4
DA:638,2
DA:642,2
DA:644,2
DA:647,2
LF:121
LH:104
end_of_record
